{"/home/travis/build/npmtest/node-npmtest-http-signature/test.js":{"path":"/home/travis/build/npmtest/node-npmtest-http-signature/test.js","s":{"1":2,"2":2,"3":2,"4":2,"5":2,"6":2,"7":2,"8":1,"9":2,"10":2,"11":1,"12":1,"13":1,"14":1,"15":2,"16":2,"17":2,"18":2,"19":1,"20":1,"21":2,"22":2,"23":2,"24":1,"25":1,"26":1,"27":1,"28":1,"29":1,"30":1,"31":1,"32":1,"33":1,"34":1,"35":1,"36":1,"37":1,"38":1,"39":2,"40":2,"41":1,"42":2,"43":2,"44":1,"45":2,"46":2,"47":1,"48":2,"49":2,"50":1,"51":1,"52":1,"53":1,"54":1},"b":{"1":[2,1,1,1],"2":[1,1,1,1],"3":[1,1],"4":[1,1],"5":[1,1],"6":[1,1],"7":[1,1],"8":[1,1],"9":[1,1],"10":[1,1,1],"11":[1,1],"12":[1,1],"13":[1,1],"14":[1,1],"15":[1,1],"16":[1,1],"17":[1,1]},"f":{"1":2,"2":2,"3":2,"4":2,"5":2,"6":1,"7":1,"8":1,"9":2,"10":2,"11":2,"12":2,"13":1},"fnMap":{"1":{"name":"(anonymous_1)","line":12,"loc":{"start":{"line":12,"column":1},"end":{"line":12,"column":13}}},"2":{"name":"(anonymous_2)","line":19,"loc":{"start":{"line":19,"column":5},"end":{"line":19,"column":17}}},"3":{"name":"(anonymous_3)","line":23,"loc":{"start":{"line":23,"column":24},"end":{"line":23,"column":36}}},"4":{"name":"(anonymous_4)","line":61,"loc":{"start":{"line":61,"column":5},"end":{"line":61,"column":17}}},"5":{"name":"(anonymous_5)","line":82,"loc":{"start":{"line":82,"column":5},"end":{"line":82,"column":17}}},"6":{"name":"(anonymous_6)","line":91,"loc":{"start":{"line":91,"column":77},"end":{"line":94,"column":10}}},"7":{"name":"(anonymous_7)","line":112,"loc":{"start":{"line":112,"column":83},"end":{"line":115,"column":10}},"skip":true},"8":{"name":"(anonymous_8)","line":123,"loc":{"start":{"line":123,"column":77},"end":{"line":126,"column":10}},"skip":true},"9":{"name":"(anonymous_9)","line":139,"loc":{"start":{"line":139,"column":12},"end":{"line":139,"column":40}},"skip":true},"10":{"name":"(anonymous_10)","line":147,"loc":{"start":{"line":147,"column":77},"end":{"line":150,"column":10}},"skip":true},"11":{"name":"(anonymous_11)","line":158,"loc":{"start":{"line":158,"column":83},"end":{"line":161,"column":10}},"skip":true},"12":{"name":"(anonymous_12)","line":169,"loc":{"start":{"line":169,"column":79},"end":{"line":172,"column":10}},"skip":true},"13":{"name":"(anonymous_13)","line":180,"loc":{"start":{"line":180,"column":75},"end":{"line":183,"column":10}},"skip":true}},"statementMap":{"1":{"start":{"line":12,"column":0},"end":{"line":195,"column":5}},"2":{"start":{"line":14,"column":4},"end":{"line":14,"column":14}},"3":{"start":{"line":19,"column":4},"end":{"line":56,"column":9}},"4":{"start":{"line":21,"column":8},"end":{"line":21,"column":19}},"5":{"start":{"line":23,"column":8},"end":{"line":35,"column":13}},"6":{"start":{"line":24,"column":12},"end":{"line":34,"column":13}},"7":{"start":{"line":25,"column":16},"end":{"line":28,"column":30}},"8":{"start":{"line":30,"column":16},"end":{"line":33,"column":27}},"9":{"start":{"line":37,"column":8},"end":{"line":39,"column":21}},"10":{"start":{"line":40,"column":8},"end":{"line":53,"column":9}},"11":{"start":{"line":43,"column":12},"end":{"line":46,"column":14}},"12":{"start":{"line":47,"column":12},"end":{"line":47,"column":18}},"13":{"start":{"line":50,"column":12},"end":{"line":51,"column":33}},"14":{"start":{"line":52,"column":12},"end":{"line":52,"column":18}},"15":{"start":{"line":55,"column":8},"end":{"line":55,"column":35}},"16":{"start":{"line":61,"column":4},"end":{"line":63,"column":9}},"17":{"start":{"line":62,"column":8},"end":{"line":62,"column":15}},"18":{"start":{"line":64,"column":4},"end":{"line":77,"column":5}},"19":{"start":{"line":70,"column":8},"end":{"line":70,"column":14}},"20":{"start":{"line":76,"column":8},"end":{"line":76,"column":14}},"21":{"start":{"line":82,"column":4},"end":{"line":84,"column":9}},"22":{"start":{"line":83,"column":8},"end":{"line":83,"column":15}},"23":{"start":{"line":85,"column":4},"end":{"line":194,"column":5}},"24":{"start":{"line":91,"column":8},"end":{"line":99,"column":10}},"25":{"start":{"line":98,"column":12},"end":{"line":98,"column":35}},"26":{"start":{"line":102,"column":8},"end":{"line":104,"column":63}},"27":{"start":{"line":105,"column":8},"end":{"line":105,"column":14}},"28":{"start":{"line":112,"column":8},"end":{"line":121,"column":10},"skip":true},"29":{"start":{"line":119,"column":12},"end":{"line":119,"column":55},"skip":true},"30":{"start":{"line":120,"column":12},"end":{"line":120,"column":48},"skip":true},"31":{"start":{"line":123,"column":8},"end":{"line":136,"column":10},"skip":true},"32":{"start":{"line":130,"column":12},"end":{"line":130,"column":76},"skip":true},"33":{"start":{"line":131,"column":12},"end":{"line":131,"column":73},"skip":true},"34":{"start":{"line":132,"column":12},"end":{"line":132,"column":74},"skip":true},"35":{"start":{"line":133,"column":12},"end":{"line":133,"column":79},"skip":true},"36":{"start":{"line":134,"column":12},"end":{"line":134,"column":25},"skip":true},"37":{"start":{"line":135,"column":12},"end":{"line":135,"column":45},"skip":true},"38":{"start":{"line":138,"column":8},"end":{"line":145,"column":14},"skip":true},"39":{"start":{"line":143,"column":16},"end":{"line":143,"column":29},"skip":true},"40":{"start":{"line":144,"column":16},"end":{"line":144,"column":55},"skip":true},"41":{"start":{"line":147,"column":8},"end":{"line":156,"column":10},"skip":true},"42":{"start":{"line":154,"column":12},"end":{"line":154,"column":25},"skip":true},"43":{"start":{"line":155,"column":12},"end":{"line":155,"column":45},"skip":true},"44":{"start":{"line":158,"column":8},"end":{"line":167,"column":10},"skip":true},"45":{"start":{"line":165,"column":12},"end":{"line":165,"column":25},"skip":true},"46":{"start":{"line":166,"column":12},"end":{"line":166,"column":48},"skip":true},"47":{"start":{"line":169,"column":8},"end":{"line":178,"column":10},"skip":true},"48":{"start":{"line":176,"column":12},"end":{"line":176,"column":25},"skip":true},"49":{"start":{"line":177,"column":12},"end":{"line":177,"column":46},"skip":true},"50":{"start":{"line":180,"column":8},"end":{"line":189,"column":10},"skip":true},"51":{"start":{"line":187,"column":12},"end":{"line":187,"column":94},"skip":true},"52":{"start":{"line":188,"column":12},"end":{"line":188,"column":48},"skip":true},"53":{"start":{"line":192,"column":8},"end":{"line":192,"column":35},"skip":true},"54":{"start":{"line":193,"column":8},"end":{"line":193,"column":14},"skip":true}},"branchMap":{"1":{"line":25,"type":"binary-expr","locations":[{"start":{"line":25,"column":23},"end":{"line":25,"column":62}},{"start":{"line":26,"column":20},"end":{"line":26,"column":70}},{"start":{"line":27,"column":20},"end":{"line":27,"column":71}},{"start":{"line":28,"column":20},"end":{"line":28,"column":29}}]},"2":{"line":30,"type":"binary-expr","locations":[{"start":{"line":30,"column":23},"end":{"line":30,"column":37}},{"start":{"line":31,"column":20},"end":{"line":31,"column":61}},{"start":{"line":32,"column":20},"end":{"line":32,"column":70}},{"start":{"line":33,"column":20},"end":{"line":33,"column":26}}]},"3":{"line":37,"type":"cond-expr","locations":[{"start":{"line":38,"column":14},"end":{"line":38,"column":20}},{"start":{"line":39,"column":14},"end":{"line":39,"column":20}}]},"4":{"line":40,"type":"switch","locations":[{"start":{"line":42,"column":8},"end":{"line":47,"column":18}},{"start":{"line":49,"column":8},"end":{"line":52,"column":18}}]},"5":{"line":44,"type":"binary-expr","locations":[{"start":{"line":44,"column":16},"end":{"line":44,"column":44}},{"start":{"line":44,"column":48},"end":{"line":44,"column":66}}]},"6":{"line":50,"type":"binary-expr","locations":[{"start":{"line":50,"column":21},"end":{"line":50,"column":49}},{"start":{"line":50,"column":53},"end":{"line":50,"column":72}}]},"7":{"line":64,"type":"switch","locations":[{"start":{"line":69,"column":4},"end":{"line":70,"column":14}},{"start":{"line":75,"column":4},"end":{"line":76,"column":14}}]},"8":{"line":85,"type":"switch","locations":[{"start":{"line":90,"column":4},"end":{"line":105,"column":14}},{"start":{"line":111,"column":4},"end":{"line":193,"column":14},"skip":true}]},"9":{"line":91,"type":"binary-expr","locations":[{"start":{"line":91,"column":42},"end":{"line":91,"column":73}},{"start":{"line":91,"column":77},"end":{"line":99,"column":9}}]},"10":{"line":102,"type":"binary-expr","locations":[{"start":{"line":102,"column":18},"end":{"line":102,"column":32}},{"start":{"line":103,"column":12},"end":{"line":103,"column":53}},{"start":{"line":104,"column":12},"end":{"line":104,"column":61}}]},"11":{"line":112,"type":"binary-expr","locations":[{"start":{"line":112,"column":45},"end":{"line":112,"column":79},"skip":true},{"start":{"line":112,"column":83},"end":{"line":121,"column":9},"skip":true}]},"12":{"line":123,"type":"binary-expr","locations":[{"start":{"line":123,"column":42},"end":{"line":123,"column":73},"skip":true},{"start":{"line":123,"column":77},"end":{"line":136,"column":9},"skip":true}]},"13":{"line":138,"type":"binary-expr","locations":[{"start":{"line":138,"column":48},"end":{"line":138,"column":85},"skip":true},{"start":{"line":139,"column":12},"end":{"line":145,"column":13},"skip":true}]},"14":{"line":147,"type":"binary-expr","locations":[{"start":{"line":147,"column":42},"end":{"line":147,"column":73},"skip":true},{"start":{"line":147,"column":77},"end":{"line":156,"column":9},"skip":true}]},"15":{"line":158,"type":"binary-expr","locations":[{"start":{"line":158,"column":45},"end":{"line":158,"column":79},"skip":true},{"start":{"line":158,"column":83},"end":{"line":167,"column":9},"skip":true}]},"16":{"line":169,"type":"binary-expr","locations":[{"start":{"line":169,"column":43},"end":{"line":169,"column":75},"skip":true},{"start":{"line":169,"column":79},"end":{"line":178,"column":9},"skip":true}]},"17":{"line":180,"type":"binary-expr","locations":[{"start":{"line":180,"column":41},"end":{"line":180,"column":71},"skip":true},{"start":{"line":180,"column":75},"end":{"line":189,"column":9},"skip":true}]}},"code":["/* istanbul instrument in package npmtest_http_signature */","/*jslint","    bitwise: true,","    browser: true,","    maxerr: 8,","    maxlen: 96,","    node: true,","    nomen: true,","    regexp: true,","    stupid: true","*/","(function () {","    'use strict';","    var local;","","","","    // run shared js-env code - pre-init","    (function () {","        // init local","        local = {};","        // init modeJs","        local.modeJs = (function () {","            try {","                return typeof navigator.userAgent === 'string' &&","                    typeof document.querySelector('body') === 'object' &&","                    typeof XMLHttpRequest.prototype.open === 'function' &&","                    'browser';","            } catch (errorCaughtBrowser) {","                return module.exports &&","                    typeof process.versions.node === 'string' &&","                    typeof require('http').createServer === 'function' &&","                    'node';","            }","        }());","        // init global","        local.global = local.modeJs === 'browser'","            ? window","            : global;","        switch (local.modeJs) {","        // re-init local from window.local","        case 'browser':","            local = local.global.utility2.objectSetDefault(","                local.global.utility2_rollup || local.global.local,","                local.global.utility2","            );","            break;","        // re-init local from example.js","        case 'node':","            local = (local.global.utility2_rollup || require('utility2'))","                .requireReadme();","            break;","        }","        // export local","        local.global.local = local;","    }());","","","","    // run shared js-env code - function","    (function () {","        return;","    }());","    switch (local.modeJs) {","","","","    // run browser js-env code - function","    case 'browser':","        break;","","","","    // run node js-env code - function","    case 'node':","        break;","    }","","","","    // run shared js-env code - post-init","    (function () {","        return;","    }());","    switch (local.modeJs) {","","","","    // run browser js-env code - post-init","    case 'browser':","        local.testCase_browser_nullCase = local.testCase_browser_nullCase || function (","            options,","            onError","        ) {","        /*","         * this function will test browsers's null-case handling-behavior-behavior","         */","            onError(null, options);","        };","","        // run tests","        local.nop(local.modeTest &&","            document.querySelector('#testRunButton1') &&","            document.querySelector('#testRunButton1').click());","        break;","","","","    // run node js-env code - post-init","    /* istanbul ignore next */","    case 'node':","        local.testCase_buildApidoc_default = local.testCase_buildApidoc_default || function (","            options,","            onError","        ) {","        /*","         * this function will test buildApidoc's default handling-behavior-behavior","         */","            options = { modulePathList: module.paths };","            local.buildApidoc(options, onError);","        };","","        local.testCase_buildApp_default = local.testCase_buildApp_default || function (","            options,","            onError","        ) {","        /*","         * this function will test buildApp's default handling-behavior-behavior","         */","            local.testCase_buildReadme_default(options, local.onErrorThrow);","            local.testCase_buildLib_default(options, local.onErrorThrow);","            local.testCase_buildTest_default(options, local.onErrorThrow);","            local.testCase_buildCustomOrg_default(options, local.onErrorThrow);","            options = [];","            local.buildApp(options, onError);","        };","","        local.testCase_buildCustomOrg_default = local.testCase_buildCustomOrg_default ||","            function (options, onError) {","            /*","             * this function will test buildCustomOrg's default handling-behavior","             */","                options = {};","                local.buildCustomOrg(options, onError);","            };","","        local.testCase_buildLib_default = local.testCase_buildLib_default || function (","            options,","            onError","        ) {","        /*","         * this function will test buildLib's default handling-behavior","         */","            options = {};","            local.buildLib(options, onError);","        };","","        local.testCase_buildReadme_default = local.testCase_buildReadme_default || function (","            options,","            onError","        ) {","        /*","         * this function will test buildReadme's default handling-behavior-behavior","         */","            options = {};","            local.buildReadme(options, onError);","        };","","        local.testCase_buildTest_default = local.testCase_buildTest_default || function (","            options,","            onError","        ) {","        /*","         * this function will test buildTest's default handling-behavior","         */","            options = {};","            local.buildTest(options, onError);","        };","","        local.testCase_webpage_default = local.testCase_webpage_default || function (","            options,","            onError","        ) {","        /*","         * this function will test webpage's default handling-behavior","         */","            options = { modeCoverageMerge: true, url: local.serverLocalHost + '?modeTest=1' };","            local.browserTest(options, onError);","        };","","        // run test-server","        local.testRunServer(local);","        break;","    }","}());",""],"l":{"12":2,"14":2,"19":2,"21":2,"23":2,"24":2,"25":2,"30":1,"37":2,"40":2,"43":1,"47":1,"50":1,"52":1,"55":2,"61":2,"62":2,"64":2,"70":1,"76":1,"82":2,"83":2,"85":2,"91":1,"98":1,"102":1,"105":1,"112":1,"119":1,"120":1,"123":1,"130":1,"131":1,"132":1,"133":1,"134":1,"135":1,"138":1,"143":2,"144":2,"147":1,"154":2,"155":2,"158":1,"165":2,"166":2,"169":1,"176":2,"177":2,"180":1,"187":1,"188":1,"192":1,"193":1}},"/home/travis/build/npmtest/node-npmtest-http-signature/lib.npmtest_http_signature.js":{"path":"/home/travis/build/npmtest/node-npmtest-http-signature/lib.npmtest_http_signature.js","s":{"1":2,"2":2,"3":2,"4":2,"5":2,"6":2,"7":2,"8":1,"9":2,"10":2,"11":2,"12":2,"13":1,"14":1,"15":1,"16":1},"b":{"1":[2,1,1,1],"2":[1,1,1,1],"3":[1,1],"4":[2,2],"5":[1,1]},"f":{"1":2,"2":2,"3":2},"fnMap":{"1":{"name":"(anonymous_1)","line":12,"loc":{"start":{"line":12,"column":1},"end":{"line":12,"column":13}}},"2":{"name":"(anonymous_2)","line":19,"loc":{"start":{"line":19,"column":5},"end":{"line":19,"column":17}}},"3":{"name":"(anonymous_3)","line":23,"loc":{"start":{"line":23,"column":24},"end":{"line":23,"column":36}}}},"statementMap":{"1":{"start":{"line":12,"column":0},"end":{"line":53,"column":5}},"2":{"start":{"line":14,"column":4},"end":{"line":14,"column":14}},"3":{"start":{"line":19,"column":4},"end":{"line":52,"column":9}},"4":{"start":{"line":21,"column":8},"end":{"line":21,"column":19}},"5":{"start":{"line":23,"column":8},"end":{"line":35,"column":13}},"6":{"start":{"line":24,"column":12},"end":{"line":34,"column":13}},"7":{"start":{"line":25,"column":16},"end":{"line":28,"column":30}},"8":{"start":{"line":30,"column":16},"end":{"line":33,"column":27}},"9":{"start":{"line":37,"column":8},"end":{"line":39,"column":21}},"10":{"start":{"line":41,"column":8},"end":{"line":41,"column":54}},"11":{"start":{"line":43,"column":8},"end":{"line":43,"column":59}},"12":{"start":{"line":45,"column":8},"end":{"line":51,"column":9}},"13":{"start":{"line":46,"column":12},"end":{"line":46,"column":65}},"14":{"start":{"line":48,"column":12},"end":{"line":48,"column":35}},"15":{"start":{"line":49,"column":12},"end":{"line":49,"column":49}},"16":{"start":{"line":50,"column":12},"end":{"line":50,"column":43}}},"branchMap":{"1":{"line":25,"type":"binary-expr","locations":[{"start":{"line":25,"column":23},"end":{"line":25,"column":62}},{"start":{"line":26,"column":20},"end":{"line":26,"column":70}},{"start":{"line":27,"column":20},"end":{"line":27,"column":71}},{"start":{"line":28,"column":20},"end":{"line":28,"column":29}}]},"2":{"line":30,"type":"binary-expr","locations":[{"start":{"line":30,"column":23},"end":{"line":30,"column":37}},{"start":{"line":31,"column":20},"end":{"line":31,"column":61}},{"start":{"line":32,"column":20},"end":{"line":32,"column":70}},{"start":{"line":33,"column":20},"end":{"line":33,"column":26}}]},"3":{"line":37,"type":"cond-expr","locations":[{"start":{"line":38,"column":14},"end":{"line":38,"column":20}},{"start":{"line":39,"column":14},"end":{"line":39,"column":20}}]},"4":{"line":41,"type":"binary-expr","locations":[{"start":{"line":41,"column":16},"end":{"line":41,"column":44}},{"start":{"line":41,"column":48},"end":{"line":41,"column":53}}]},"5":{"line":45,"type":"if","locations":[{"start":{"line":45,"column":8},"end":{"line":45,"column":8}},{"start":{"line":45,"column":8},"end":{"line":45,"column":8}}]}},"code":["/* istanbul instrument in package npmtest_http_signature */","/*jslint","    bitwise: true,","    browser: true,","    maxerr: 8,","    maxlen: 96,","    node: true,","    nomen: true,","    regexp: true,","    stupid: true","*/","(function () {","    'use strict';","    var local;","","","","    // run shared js-env code - pre-init","    (function () {","        // init local","        local = {};","        // init modeJs","        local.modeJs = (function () {","            try {","                return typeof navigator.userAgent === 'string' &&","                    typeof document.querySelector('body') === 'object' &&","                    typeof XMLHttpRequest.prototype.open === 'function' &&","                    'browser';","            } catch (errorCaughtBrowser) {","                return module.exports &&","                    typeof process.versions.node === 'string' &&","                    typeof require('http').createServer === 'function' &&","                    'node';","            }","        }());","        // init global","        local.global = local.modeJs === 'browser'","            ? window","            : global;","        // init utility2_rollup","        local = local.global.utility2_rollup || local;","        // init lib","        local.local = local.npmtest_http_signature = local;","        // init exports","        if (local.modeJs === 'browser') {","            local.global.utility2_npmtest_http_signature = local;","        } else {","            module.exports = local;","            module.exports.__dirname = __dirname;","            module.exports.module = module;","        }","    }());","}());",""],"l":{"12":2,"14":2,"19":2,"21":2,"23":2,"24":2,"25":2,"30":1,"37":2,"41":2,"43":2,"45":2,"46":1,"48":1,"49":1,"50":1}},"/home/travis/build/npmtest/node-npmtest-http-signature/example.js":{"path":"/home/travis/build/npmtest/node-npmtest-http-signature/example.js","s":{"1":2,"2":2,"3":2,"4":2,"5":2,"6":2,"7":2,"8":1,"9":2,"10":2,"11":2,"12":2,"13":1,"14":2,"15":2,"16":2,"17":2,"18":2,"19":0,"20":2,"21":1,"22":1,"23":1,"24":1,"25":1,"26":0,"27":0,"28":1,"29":1,"30":2,"31":0,"32":0,"33":0,"34":1,"35":2,"36":2,"37":3,"38":3,"39":3,"40":3,"41":0,"42":3,"43":3,"44":3,"45":1,"46":3,"47":1,"48":1,"49":1,"50":1,"51":1,"52":1,"53":1,"54":1,"55":1,"56":1,"57":0,"58":1,"59":6,"60":6,"61":1,"62":2,"63":0,"64":2,"65":1,"66":1,"67":0,"68":0,"69":0,"70":0,"71":0,"72":0,"73":0,"74":0,"75":0,"76":0,"77":0,"78":0,"79":0,"80":0,"81":0,"82":0,"83":0},"b":{"1":[2,1,1,1],"2":[1,1,1,1],"3":[1,1],"4":[2,2],"5":[1,1],"6":[1,1],"7":[2,0],"8":[2,1,1,1,1,1],"9":[0,2,0],"10":[1,1],"11":[2,1,1],"12":[1,0],"13":[0,2],"14":[2,0,0,0,0,0,0],"15":[0,3],"16":[3,0],"17":[1,1],"18":[0,1],"19":[1,2,0,2],"20":[1,0],"21":[1,1],"22":[0,0],"23":[0,0],"24":[0,0],"25":[0,0],"26":[0,0],"27":[0,0],"28":[0,0]},"f":{"1":2,"2":2,"3":2,"4":2,"5":2,"6":2,"7":3,"8":3,"9":3,"10":1,"11":6,"12":0},"fnMap":{"1":{"name":"(anonymous_1)","line":26,"loc":{"start":{"line":26,"column":1},"end":{"line":26,"column":13}}},"2":{"name":"(anonymous_2)","line":33,"loc":{"start":{"line":33,"column":5},"end":{"line":33,"column":17}}},"3":{"name":"(anonymous_3)","line":37,"loc":{"start":{"line":37,"column":24},"end":{"line":37,"column":36}}},"4":{"name":"(anonymous_4)","line":69,"loc":{"start":{"line":69,"column":31},"end":{"line":69,"column":48}},"skip":true},"5":{"name":"(anonymous_5)","line":78,"loc":{"start":{"line":78,"column":26},"end":{"line":78,"column":45}},"skip":true},"6":{"name":"(anonymous_6)","line":123,"loc":{"start":{"line":123,"column":33},"end":{"line":123,"column":48}},"skip":true},"7":{"name":"(anonymous_7)","line":125,"loc":{"start":{"line":125,"column":27},"end":{"line":125,"column":39}},"skip":true},"8":{"name":"(anonymous_8)","line":133,"loc":{"start":{"line":133,"column":59},"end":{"line":133,"column":74}},"skip":true},"9":{"name":"(anonymous_9)","line":143,"loc":{"start":{"line":143,"column":45},"end":{"line":143,"column":62}},"skip":true},"10":{"name":"(anonymous_10)","line":144,"loc":{"start":{"line":144,"column":73},"end":{"line":144,"column":92}},"skip":true},"11":{"name":"(anonymous_11)","line":272,"loc":{"start":{"line":272,"column":51},"end":{"line":272,"column":77}},"skip":true},"12":{"name":"(anonymous_12)","line":315,"loc":{"start":{"line":315,"column":32},"end":{"line":315,"column":61}},"skip":true}},"statementMap":{"1":{"start":{"line":26,"column":0},"end":{"line":326,"column":5}},"2":{"start":{"line":28,"column":4},"end":{"line":28,"column":14}},"3":{"start":{"line":33,"column":4},"end":{"line":60,"column":9}},"4":{"start":{"line":35,"column":8},"end":{"line":35,"column":19}},"5":{"start":{"line":37,"column":8},"end":{"line":49,"column":13}},"6":{"start":{"line":38,"column":12},"end":{"line":48,"column":13}},"7":{"start":{"line":39,"column":16},"end":{"line":42,"column":30}},"8":{"start":{"line":44,"column":16},"end":{"line":47,"column":27}},"9":{"start":{"line":51,"column":8},"end":{"line":53,"column":21}},"10":{"start":{"line":55,"column":8},"end":{"line":57,"column":45}},"11":{"start":{"line":59,"column":8},"end":{"line":59,"column":35}},"12":{"start":{"line":61,"column":4},"end":{"line":325,"column":5}},"13":{"start":{"line":69,"column":8},"end":{"line":121,"column":10},"skip":true},"14":{"start":{"line":70,"column":12},"end":{"line":88,"column":13},"skip":true},"15":{"start":{"line":76,"column":16},"end":{"line":87,"column":19},"skip":true},"16":{"start":{"line":79,"column":20},"end":{"line":86,"column":21},"skip":true},"17":{"start":{"line":82,"column":24},"end":{"line":82,"column":43},"skip":true},"18":{"start":{"line":83,"column":24},"end":{"line":83,"column":30},"skip":true},"19":{"start":{"line":85,"column":24},"end":{"line":85,"column":49},"skip":true},"20":{"start":{"line":89,"column":12},"end":{"line":107,"column":13},"skip":true},"21":{"start":{"line":92,"column":16},"end":{"line":102,"column":17},"skip":true},"22":{"start":{"line":93,"column":20},"end":{"line":93,"column":86},"skip":true},"23":{"start":{"line":94,"column":20},"end":{"line":95,"column":45},"skip":true},"24":{"start":{"line":96,"column":20},"end":{"line":96,"column":42},"skip":true},"25":{"start":{"line":97,"column":20},"end":{"line":97,"column":48},"skip":true},"26":{"start":{"line":100,"column":20},"end":{"line":100,"column":85},"skip":true},"27":{"start":{"line":101,"column":20},"end":{"line":101,"column":96},"skip":true},"28":{"start":{"line":103,"column":16},"end":{"line":103,"column":22},"skip":true},"29":{"start":{"line":106,"column":16},"end":{"line":106,"column":22},"skip":true},"30":{"start":{"line":108,"column":12},"end":{"line":120,"column":13},"skip":true},"31":{"start":{"line":114,"column":16},"end":{"line":119,"column":17},"skip":true},"32":{"start":{"line":116,"column":20},"end":{"line":116,"column":78},"skip":true},"33":{"start":{"line":118,"column":20},"end":{"line":118,"column":47},"skip":true},"34":{"start":{"line":123,"column":8},"end":{"line":141,"column":11},"skip":true},"35":{"start":{"line":124,"column":12},"end":{"line":124,"column":54},"skip":true},"36":{"start":{"line":125,"column":12},"end":{"line":140,"column":14},"skip":true},"37":{"start":{"line":126,"column":16},"end":{"line":126,"column":28},"skip":true},"38":{"start":{"line":127,"column":16},"end":{"line":127,"column":69},"skip":true},"39":{"start":{"line":128,"column":16},"end":{"line":128,"column":75},"skip":true},"40":{"start":{"line":129,"column":16},"end":{"line":131,"column":17},"skip":true},"41":{"start":{"line":130,"column":20},"end":{"line":130,"column":27},"skip":true},"42":{"start":{"line":133,"column":16},"end":{"line":137,"column":36},"skip":true},"43":{"start":{"line":134,"column":20},"end":{"line":136,"column":55},"skip":true},"44":{"start":{"line":139,"column":16},"end":{"line":139,"column":57},"skip":true},"45":{"start":{"line":143,"column":8},"end":{"line":147,"column":11},"skip":true},"46":{"start":{"line":144,"column":12},"end":{"line":146,"column":15},"skip":true},"47":{"start":{"line":145,"column":16},"end":{"line":145,"column":70},"skip":true},"48":{"start":{"line":149,"column":8},"end":{"line":149,"column":31},"skip":true},"49":{"start":{"line":150,"column":8},"end":{"line":150,"column":14},"skip":true},"50":{"start":{"line":158,"column":8},"end":{"line":158,"column":31},"skip":true},"51":{"start":{"line":160,"column":8},"end":{"line":160,"column":33},"skip":true},"52":{"start":{"line":161,"column":8},"end":{"line":161,"column":37},"skip":true},"53":{"start":{"line":162,"column":8},"end":{"line":162,"column":35},"skip":true},"54":{"start":{"line":164,"column":8},"end":{"line":164,"column":50},"skip":true},"55":{"start":{"line":166,"column":8},"end":{"line":256,"column":2},"skip":true},"56":{"start":{"line":258,"column":8},"end":{"line":286,"column":9},"skip":true},"57":{"start":{"line":259,"column":12},"end":{"line":269,"column":14},"skip":true},"58":{"start":{"line":271,"column":12},"end":{"line":285,"column":19},"skip":true},"59":{"start":{"line":274,"column":20},"end":{"line":274,"column":35},"skip":true},"60":{"start":{"line":275,"column":20},"end":{"line":284,"column":21},"skip":true},"61":{"start":{"line":277,"column":24},"end":{"line":277,"column":64},"skip":true},"62":{"start":{"line":279,"column":24},"end":{"line":279,"column":40},"skip":true},"63":{"start":{"line":281,"column":24},"end":{"line":281,"column":40},"skip":true},"64":{"start":{"line":283,"column":24},"end":{"line":283,"column":39},"skip":true},"65":{"start":{"line":288,"column":8},"end":{"line":290,"column":9},"skip":true},"66":{"start":{"line":289,"column":12},"end":{"line":289,"column":18},"skip":true},"67":{"start":{"line":291,"column":8},"end":{"line":293,"column":54},"skip":true},"68":{"start":{"line":296,"column":8},"end":{"line":301,"column":37},"skip":true},"69":{"start":{"line":303,"column":8},"end":{"line":303,"column":82},"skip":true},"70":{"start":{"line":306,"column":8},"end":{"line":308,"column":9},"skip":true},"71":{"start":{"line":307,"column":12},"end":{"line":307,"column":82},"skip":true},"72":{"start":{"line":310,"column":8},"end":{"line":312,"column":9},"skip":true},"73":{"start":{"line":311,"column":12},"end":{"line":311,"column":18},"skip":true},"74":{"start":{"line":313,"column":8},"end":{"line":313,"column":54},"skip":true},"75":{"start":{"line":314,"column":8},"end":{"line":314,"column":69},"skip":true},"76":{"start":{"line":315,"column":8},"end":{"line":323,"column":36},"skip":true},"77":{"start":{"line":316,"column":12},"end":{"line":316,"column":61},"skip":true},"78":{"start":{"line":317,"column":12},"end":{"line":320,"column":13},"skip":true},"79":{"start":{"line":318,"column":16},"end":{"line":318,"column":75},"skip":true},"80":{"start":{"line":319,"column":16},"end":{"line":319,"column":23},"skip":true},"81":{"start":{"line":321,"column":12},"end":{"line":321,"column":38},"skip":true},"82":{"start":{"line":322,"column":12},"end":{"line":322,"column":27},"skip":true},"83":{"start":{"line":324,"column":8},"end":{"line":324,"column":14},"skip":true}},"branchMap":{"1":{"line":39,"type":"binary-expr","locations":[{"start":{"line":39,"column":23},"end":{"line":39,"column":62}},{"start":{"line":40,"column":20},"end":{"line":40,"column":70}},{"start":{"line":41,"column":20},"end":{"line":41,"column":71}},{"start":{"line":42,"column":20},"end":{"line":42,"column":29}}]},"2":{"line":44,"type":"binary-expr","locations":[{"start":{"line":44,"column":23},"end":{"line":44,"column":37}},{"start":{"line":45,"column":20},"end":{"line":45,"column":61}},{"start":{"line":46,"column":20},"end":{"line":46,"column":70}},{"start":{"line":47,"column":20},"end":{"line":47,"column":26}}]},"3":{"line":51,"type":"cond-expr","locations":[{"start":{"line":52,"column":14},"end":{"line":52,"column":20}},{"start":{"line":53,"column":14},"end":{"line":53,"column":20}}]},"4":{"line":55,"type":"binary-expr","locations":[{"start":{"line":55,"column":16},"end":{"line":55,"column":44}},{"start":{"line":55,"column":49},"end":{"line":57,"column":43}}]},"5":{"line":55,"type":"cond-expr","locations":[{"start":{"line":56,"column":14},"end":{"line":56,"column":58}},{"start":{"line":57,"column":14},"end":{"line":57,"column":43}}]},"6":{"line":61,"type":"switch","locations":[{"start":{"line":68,"column":4},"end":{"line":150,"column":14},"skip":true},{"start":{"line":156,"column":4},"end":{"line":324,"column":14},"skip":true}]},"7":{"line":70,"type":"if","locations":[{"start":{"line":70,"column":12},"end":{"line":70,"column":12},"skip":true},{"start":{"line":70,"column":12},"end":{"line":70,"column":12},"skip":true}]},"8":{"line":70,"type":"binary-expr","locations":[{"start":{"line":70,"column":16},"end":{"line":70,"column":22},"skip":true},{"start":{"line":70,"column":27},"end":{"line":70,"column":32},"skip":true},{"start":{"line":71,"column":20},"end":{"line":71,"column":39},"skip":true},{"start":{"line":72,"column":20},"end":{"line":72,"column":49},"skip":true},{"start":{"line":73,"column":20},"end":{"line":73,"column":58},"skip":true},{"start":{"line":74,"column":20},"end":{"line":74,"column":69},"skip":true}]},"9":{"line":79,"type":"switch","locations":[{"start":{"line":80,"column":20},"end":{"line":80,"column":33},"skip":true},{"start":{"line":81,"column":20},"end":{"line":83,"column":30},"skip":true},{"start":{"line":84,"column":20},"end":{"line":85,"column":49},"skip":true}]},"10":{"line":89,"type":"switch","locations":[{"start":{"line":90,"column":12},"end":{"line":103,"column":22},"skip":true},{"start":{"line":105,"column":12},"end":{"line":106,"column":22},"skip":true}]},"11":{"line":89,"type":"binary-expr","locations":[{"start":{"line":89,"column":20},"end":{"line":89,"column":25},"skip":true},{"start":{"line":89,"column":29},"end":{"line":89,"column":48},"skip":true},{"start":{"line":89,"column":52},"end":{"line":89,"column":74},"skip":true}]},"12":{"line":92,"type":"if","locations":[{"start":{"line":92,"column":16},"end":{"line":92,"column":16},"skip":true},{"start":{"line":92,"column":16},"end":{"line":92,"column":16},"skip":true}]},"13":{"line":108,"type":"if","locations":[{"start":{"line":108,"column":12},"end":{"line":108,"column":12},"skip":true},{"start":{"line":108,"column":12},"end":{"line":108,"column":12},"skip":true}]},"14":{"line":108,"type":"binary-expr","locations":[{"start":{"line":108,"column":16},"end":{"line":108,"column":61},"skip":true},{"start":{"line":108,"column":66},"end":{"line":108,"column":72},"skip":true},{"start":{"line":108,"column":77},"end":{"line":108,"column":82},"skip":true},{"start":{"line":109,"column":20},"end":{"line":109,"column":39},"skip":true},{"start":{"line":110,"column":20},"end":{"line":110,"column":49},"skip":true},{"start":{"line":111,"column":20},"end":{"line":111,"column":58},"skip":true},{"start":{"line":112,"column":20},"end":{"line":112,"column":68},"skip":true}]},"15":{"line":129,"type":"if","locations":[{"start":{"line":129,"column":16},"end":{"line":129,"column":16},"skip":true},{"start":{"line":129,"column":16},"end":{"line":129,"column":16},"skip":true}]},"16":{"line":134,"type":"cond-expr","locations":[{"start":{"line":135,"column":26},"end":{"line":135,"column":29},"skip":true},{"start":{"line":136,"column":26},"end":{"line":136,"column":54},"skip":true}]},"17":{"line":164,"type":"binary-expr","locations":[{"start":{"line":164,"column":27},"end":{"line":164,"column":43},"skip":true},{"start":{"line":164,"column":47},"end":{"line":164,"column":49},"skip":true}]},"18":{"line":258,"type":"if","locations":[{"start":{"line":258,"column":8},"end":{"line":258,"column":8},"skip":true},{"start":{"line":258,"column":8},"end":{"line":258,"column":8},"skip":true}]},"19":{"line":275,"type":"switch","locations":[{"start":{"line":276,"column":20},"end":{"line":277,"column":64},"skip":true},{"start":{"line":278,"column":20},"end":{"line":279,"column":40},"skip":true},{"start":{"line":280,"column":20},"end":{"line":281,"column":40},"skip":true},{"start":{"line":282,"column":20},"end":{"line":283,"column":39},"skip":true}]},"20":{"line":288,"type":"if","locations":[{"start":{"line":288,"column":8},"end":{"line":288,"column":8},"skip":true},{"start":{"line":288,"column":8},"end":{"line":288,"column":8},"skip":true}]},"21":{"line":288,"type":"binary-expr","locations":[{"start":{"line":288,"column":12},"end":{"line":288,"column":40},"skip":true},{"start":{"line":288,"column":44},"end":{"line":288,"column":67},"skip":true}]},"22":{"line":292,"type":"binary-expr","locations":[{"start":{"line":292,"column":12},"end":{"line":292,"column":50},"skip":true},{"start":{"line":293,"column":12},"end":{"line":293,"column":53},"skip":true}]},"23":{"line":297,"type":"binary-expr","locations":[{"start":{"line":297,"column":12},"end":{"line":297,"column":72},"skip":true},{"start":{"line":298,"column":12},"end":{"line":301,"column":36},"skip":true}]},"24":{"line":303,"type":"binary-expr","locations":[{"start":{"line":303,"column":43},"end":{"line":303,"column":75},"skip":true},{"start":{"line":303,"column":79},"end":{"line":303,"column":81},"skip":true}]},"25":{"line":306,"type":"if","locations":[{"start":{"line":306,"column":8},"end":{"line":306,"column":8},"skip":true},{"start":{"line":306,"column":8},"end":{"line":306,"column":8},"skip":true}]},"26":{"line":310,"type":"if","locations":[{"start":{"line":310,"column":8},"end":{"line":310,"column":8},"skip":true},{"start":{"line":310,"column":8},"end":{"line":310,"column":8},"skip":true}]},"27":{"line":313,"type":"binary-expr","locations":[{"start":{"line":313,"column":27},"end":{"line":313,"column":43},"skip":true},{"start":{"line":313,"column":47},"end":{"line":313,"column":53},"skip":true}]},"28":{"line":317,"type":"if","locations":[{"start":{"line":317,"column":12},"end":{"line":317,"column":12},"skip":true},{"start":{"line":317,"column":12},"end":{"line":317,"column":12},"skip":true}]}},"code":["/*","example.js","","quickstart example","","instruction","    1. save this script as example.js","    2. run the shell command:","        $ npm install npmtest-http-signature && PORT=8081 node example.js","    3. play with the browser-demo on http://127.0.0.1:8081","*/","","","","/* istanbul instrument in package npmtest_http_signature */","/*jslint","    bitwise: true,","    browser: true,","    maxerr: 8,","    maxlen: 96,","    node: true,","    nomen: true,","    regexp: true,","    stupid: true","*/","(function () {","    'use strict';","    var local;","","","","    // run shared js-env code - pre-init","    (function () {","        // init local","        local = {};","        // init modeJs","        local.modeJs = (function () {","            try {","                return typeof navigator.userAgent === 'string' &&","                    typeof document.querySelector('body') === 'object' &&","                    typeof XMLHttpRequest.prototype.open === 'function' &&","                    'browser';","            } catch (errorCaughtBrowser) {","                return module.exports &&","                    typeof process.versions.node === 'string' &&","                    typeof require('http').createServer === 'function' &&","                    'node';","            }","        }());","        // init global","        local.global = local.modeJs === 'browser'","            ? window","            : global;","        // init utility2_rollup","        local = local.global.utility2_rollup || (local.modeJs === 'browser'","            ? local.global.utility2_npmtest_http_signature","            : global.utility2_moduleExports);","        // export local","        local.global.local = local;","    }());","    switch (local.modeJs) {","","","","    // post-init","    // run browser js-env code - post-init","    /* istanbul ignore next */","    case 'browser':","        local.testRunBrowser = function (event) {","            if (!event || (event &&","                    event.currentTarget &&","                    event.currentTarget.className &&","                    event.currentTarget.className.includes &&","                    event.currentTarget.className.includes('onreset'))) {","                // reset output","                Array.from(","                    document.querySelectorAll('body > .resettable')","                ).forEach(function (element) {","                    switch (element.tagName) {","                    case 'INPUT':","                    case 'TEXTAREA':","                        element.value = '';","                        break;","                    default:","                        element.textContent = '';","                    }","                });","            }","            switch (event && event.currentTarget && event.currentTarget.id) {","            case 'testRunButton1':","                // show tests","                if (document.querySelector('#testReportDiv1').style.display === 'none') {","                    document.querySelector('#testReportDiv1').style.display = 'block';","                    document.querySelector('#testRunButton1').textContent =","                        'hide internal test';","                    local.modeTest = true;","                    local.testRunDefault(local);","                // hide tests","                } else {","                    document.querySelector('#testReportDiv1').style.display = 'none';","                    document.querySelector('#testRunButton1').textContent = 'run internal test';","                }","                break;","            // custom-case","            default:","                break;","            }","            if (document.querySelector('#inputTextareaEval1') && (!event || (event &&","                    event.currentTarget &&","                    event.currentTarget.className &&","                    event.currentTarget.className.includes &&","                    event.currentTarget.className.includes('oneval')))) {","                // try to eval input-code","                try {","                    /*jslint evil: true*/","                    eval(document.querySelector('#inputTextareaEval1').value);","                } catch (errorCaught) {","                    console.error(errorCaught);","                }","            }","        };","        // log stderr and stdout to #outputTextareaStdout1","        ['error', 'log'].forEach(function (key) {","            console[key + '_original'] = console[key];","            console[key] = function () {","                var element;","                console[key + '_original'].apply(console, arguments);","                element = document.querySelector('#outputTextareaStdout1');","                if (!element) {","                    return;","                }","                // append text to #outputTextareaStdout1","                element.value += Array.from(arguments).map(function (arg) {","                    return typeof arg === 'string'","                        ? arg","                        : JSON.stringify(arg, null, 4);","                }).join(' ') + '\\n';","                // scroll textarea to bottom","                element.scrollTop = element.scrollHeight;","            };","        });","        // init event-handling","        ['change', 'click', 'keyup'].forEach(function (event) {","            Array.from(document.querySelectorAll('.on' + event)).forEach(function (element) {","                element.addEventListener(event, local.testRunBrowser);","            });","        });","        // run tests","        local.testRunBrowser();","        break;","","","","    // run node js-env code - post-init","    /* istanbul ignore next */","    case 'node':","        // export local","        module.exports = local;","        // require modules","        local.fs = require('fs');","        local.http = require('http');","        local.url = require('url');","        // init assets","        local.assetsDict = local.assetsDict || {};","        /* jslint-ignore-begin */","        local.assetsDict['/assets.index.template.html'] = '\\","<!doctype html>\\n\\","<html lang=\"en\">\\n\\","<head>\\n\\","<meta charset=\"UTF-8\">\\n\\","<meta name=\"viewport\" content=\"width=device-width, initial-scale=1\">\\n\\","<title>{{env.npm_package_name}} (v{{env.npm_package_version}})</title>\\n\\","<style>\\n\\","/*csslint\\n\\","    box-sizing: false,\\n\\","    universal-selector: false\\n\\","*/\\n\\","* {\\n\\","    box-sizing: border-box;\\n\\","}\\n\\","body {\\n\\","    background: #dde;\\n\\","    font-family: Arial, Helvetica, sans-serif;\\n\\","    margin: 2rem;\\n\\","}\\n\\","body > * {\\n\\","    margin-bottom: 1rem;\\n\\","}\\n\\",".utility2FooterDiv {\\n\\","    margin-top: 20px;\\n\\","    text-align: center;\\n\\","}\\n\\","</style>\\n\\","<style>\\n\\","/*csslint\\n\\","*/\\n\\","textarea {\\n\\","    font-family: monospace;\\n\\","    height: 10rem;\\n\\","    width: 100%;\\n\\","}\\n\\","textarea[readonly] {\\n\\","    background: #ddd;\\n\\","}\\n\\","</style>\\n\\","</head>\\n\\","<body>\\n\\","<!-- utility2-comment\\n\\","<div id=\"ajaxProgressDiv1\" style=\"background: #d00; height: 2px; left: 0; margin: 0; padding: 0; position: fixed; top: 0; transition: background 0.5s, width 1.5s; width: 25%;\"></div>\\n\\","utility2-comment -->\\n\\","<h1>\\n\\","<!-- utility2-comment\\n\\","    <a\\n\\","        {{#if env.npm_package_homepage}}\\n\\","        href=\"{{env.npm_package_homepage}}\"\\n\\","        {{/if env.npm_package_homepage}}\\n\\","        target=\"_blank\"\\n\\","    >\\n\\","utility2-comment -->\\n\\","        {{env.npm_package_name}} (v{{env.npm_package_version}})\\n\\","<!-- utility2-comment\\n\\","    </a>\\n\\","utility2-comment -->\\n\\","</h1>\\n\\","<h3>{{env.npm_package_description}}</h3>\\n\\","<!-- utility2-comment\\n\\","<h4><a download href=\"assets.app.js\">download standalone app</a></h4>\\n\\","<button class=\"onclick onreset\" id=\"testRunButton1\">run internal test</button><br>\\n\\","<div id=\"testReportDiv1\" style=\"display: none;\"></div>\\n\\","utility2-comment -->\\n\\","\\n\\","\\n\\","\\n\\","<label>stderr and stdout</label>\\n\\","<textarea class=\"resettable\" id=\"outputTextareaStdout1\" readonly></textarea>\\n\\","<!-- utility2-comment\\n\\","{{#if isRollup}}\\n\\","<script src=\"assets.app.js\"></script>\\n\\","{{#unless isRollup}}\\n\\","utility2-comment -->\\n\\","<script src=\"assets.utility2.rollup.js\"></script>\\n\\","<script src=\"jsonp.utility2._stateInit?callback=window.utility2._stateInit\"></script>\\n\\","<script src=\"assets.npmtest_http_signature.rollup.js\"></script>\\n\\","<script src=\"assets.example.js\"></script>\\n\\","<script src=\"assets.test.js\"></script>\\n\\","<!-- utility2-comment\\n\\","{{/if isRollup}}\\n\\","utility2-comment -->\\n\\","<div class=\"utility2FooterDiv\">\\n\\","    [ this app was created with\\n\\","    <a href=\"https://github.com/kaizhu256/node-utility2\" target=\"_blank\">utility2</a>\\n\\","    ]\\n\\","</div>\\n\\","</body>\\n\\","</html>\\n\\","';","        /* jslint-ignore-end */","        if (local.templateRender) {","            local.assetsDict['/'] = local.templateRender(","                local.assetsDict['/assets.index.template.html'],","                {","                    env: local.objectSetDefault(local.env, {","                        npm_package_description: 'the greatest app in the world!',","                        npm_package_name: 'my-app',","                        npm_package_nameAlias: 'my_app',","                        npm_package_version: '0.0.1'","                    })","                }","            );","        } else {","            local.assetsDict['/'] = local.assetsDict['/assets.index.template.html']","                .replace((/\\{\\{env\\.(\\w+?)\\}\\}/g), function (match0, match1) {","                    // jslint-hack","                    String(match0);","                    switch (match1) {","                    case 'npm_package_description':","                        return 'the greatest app in the world!';","                    case 'npm_package_name':","                        return 'my-app';","                    case 'npm_package_nameAlias':","                        return 'my_app';","                    case 'npm_package_version':","                        return '0.0.1';","                    }","                });","        }","        // run the cli","        if (local.global.utility2_rollup || module !== require.main) {","            break;","        }","        local.assetsDict['/assets.example.js'] =","            local.assetsDict['/assets.example.js'] ||","            local.fs.readFileSync(__filename, 'utf8');","        // bug-workaround - long $npm_package_buildCustomOrg","        /* jslint-ignore-begin */","        local.assetsDict['/assets.npmtest_http_signature.rollup.js'] =","            local.assetsDict['/assets.npmtest_http_signature.rollup.js'] ||","            local.fs.readFileSync(","                local.npmtest_http_signature.__dirname + '/lib.npmtest_http_signature.js',","                'utf8'","            ).replace((/^#!/), '//');","        /* jslint-ignore-end */","        local.assetsDict['/favicon.ico'] = local.assetsDict['/favicon.ico'] || '';","        // if $npm_config_timeout_exit exists,","        // then exit this process after $npm_config_timeout_exit ms","        if (Number(process.env.npm_config_timeout_exit)) {","            setTimeout(process.exit, Number(process.env.npm_config_timeout_exit));","        }","        // start server","        if (local.global.utility2_serverHttp1) {","            break;","        }","        process.env.PORT = process.env.PORT || '8081';","        console.error('server starting on port ' + process.env.PORT);","        local.http.createServer(function (request, response) {","            request.urlParsed = local.url.parse(request.url);","            if (local.assetsDict[request.urlParsed.pathname] !== undefined) {","                response.end(local.assetsDict[request.urlParsed.pathname]);","                return;","            }","            response.statusCode = 404;","            response.end();","        }).listen(process.env.PORT);","        break;","    }","}());",""],"l":{"26":2,"28":2,"33":2,"35":2,"37":2,"38":2,"39":2,"44":1,"51":2,"55":2,"59":2,"61":2,"69":1,"70":2,"76":2,"79":2,"82":2,"83":2,"85":1,"89":2,"92":1,"93":1,"94":1,"96":1,"97":1,"100":1,"101":1,"103":1,"106":1,"108":2,"114":1,"116":1,"118":1,"123":1,"124":2,"125":2,"126":3,"127":3,"128":3,"129":3,"130":1,"133":3,"134":3,"139":3,"143":1,"144":3,"145":1,"149":1,"150":1,"158":1,"160":1,"161":1,"162":1,"164":1,"166":1,"258":1,"259":1,"271":1,"274":6,"275":6,"277":1,"279":2,"281":1,"283":2,"288":1,"289":1,"291":1,"296":1,"303":1,"306":1,"307":1,"310":1,"311":1,"313":1,"314":1,"315":1,"316":1,"317":1,"318":1,"319":1,"321":1,"322":1,"324":1}},"/home/travis/build/npmtest/node-npmtest-http-signature/node_modules/http-signature/lib/index.js":{"path":"/home/travis/build/npmtest/node-npmtest-http-signature/node_modules/http-signature/lib/index.js","s":{"1":1,"2":1,"3":1,"4":1,"5":1},"b":{},"f":{},"fnMap":{},"statementMap":{"1":{"start":{"line":3,"column":0},"end":{"line":3,"column":33}},"2":{"start":{"line":4,"column":0},"end":{"line":4,"column":33}},"3":{"start":{"line":5,"column":0},"end":{"line":5,"column":33}},"4":{"start":{"line":6,"column":0},"end":{"line":6,"column":31}},"5":{"start":{"line":12,"column":0},"end":{"line":29,"column":2}}},"branchMap":{},"code":["// Copyright 2015 Joyent, Inc.","","var parser = require('./parser');","var signer = require('./signer');","var verify = require('./verify');","var utils = require('./utils');","","","","///--- API","","module.exports = {","","  parse: parser.parseRequest,","  parseRequest: parser.parseRequest,","","  sign: signer.signRequest,","  signRequest: signer.signRequest,","  createSigner: signer.createSigner,","  isSigner: signer.isSigner,","","  sshKeyToPEM: utils.sshKeyToPEM,","  sshKeyFingerprint: utils.fingerprint,","  pemToRsaSSHKey: utils.pemToRsaSSHKey,","","  verify: verify.verifySignature,","  verifySignature: verify.verifySignature,","  verifyHMAC: verify.verifyHMAC","};",""],"l":{"3":1,"4":1,"5":1,"6":1,"12":1}},"/home/travis/build/npmtest/node-npmtest-http-signature/node_modules/http-signature/lib/parser.js":{"path":"/home/travis/build/npmtest/node-npmtest-http-signature/node_modules/http-signature/lib/parser.js","s":{"1":1,"2":1,"3":1,"4":1,"5":1,"6":1,"7":1,"8":1,"9":1,"10":1,"11":1,"12":0,"13":1,"14":1,"15":0,"16":1,"17":1,"18":0,"19":1,"20":1,"21":0,"22":1,"23":1,"24":0,"25":1,"26":1,"27":0,"28":0,"29":0,"30":0,"31":0,"32":0,"33":0,"34":0,"35":0,"36":0,"37":0,"38":0,"39":0,"40":0,"41":0,"42":0,"43":0,"44":0,"45":0,"46":0,"47":0,"48":0,"49":0,"50":0,"51":0,"52":0,"53":0,"54":0,"55":0,"56":0,"57":0,"58":0,"59":0,"60":0,"61":0,"62":0,"63":0,"64":0,"65":0,"66":0,"67":0,"68":0,"69":0,"70":0,"71":0,"72":0,"73":0,"74":0,"75":0,"76":0,"77":0,"78":0,"79":0,"80":0,"81":0,"82":0,"83":0,"84":0,"85":0,"86":0,"87":0,"88":0,"89":0,"90":0,"91":0,"92":0,"93":0,"94":0,"95":0,"96":0,"97":0,"98":0,"99":0,"100":0,"101":0,"102":0,"103":0,"104":0,"105":0,"106":0,"107":0,"108":0,"109":0,"110":0,"111":0,"112":0,"113":0,"114":0,"115":0,"116":0,"117":0,"118":0,"119":0,"120":0,"121":0,"122":0,"123":0,"124":0,"125":0,"126":0,"127":0,"128":0,"129":0,"130":0,"131":0,"132":0},"b":{"1":[0,0],"2":[0,0],"3":[0,0],"4":[0,0],"5":[0,0],"6":[0,0,0],"7":[0,0],"8":[0,0,0,0,0],"9":[0,0],"10":[0,0,0,0],"11":[0,0],"12":[0,0],"13":[0,0],"14":[0,0],"15":[0,0],"16":[0,0],"17":[0,0],"18":[0,0],"19":[0,0],"20":[0,0],"21":[0,0],"22":[0,0],"23":[0,0],"24":[0,0],"25":[0,0],"26":[0,0],"27":[0,0],"28":[0,0],"29":[0,0],"30":[0,0],"31":[0,0],"32":[0,0],"33":[0,0],"34":[0,0],"35":[0,0],"36":[0,0]},"f":{"1":0,"2":0,"3":0,"4":0,"5":0,"6":0,"7":0,"8":0,"9":0},"fnMap":{"1":{"name":"ExpiredRequestError","line":33,"loc":{"start":{"line":33,"column":0},"end":{"line":33,"column":38}}},"2":{"name":"InvalidHeaderError","line":39,"loc":{"start":{"line":39,"column":0},"end":{"line":39,"column":37}}},"3":{"name":"InvalidParamsError","line":45,"loc":{"start":{"line":45,"column":0},"end":{"line":45,"column":37}}},"4":{"name":"MissingHeaderError","line":51,"loc":{"start":{"line":51,"column":0},"end":{"line":51,"column":37}}},"5":{"name":"StrictParsingError","line":56,"loc":{"start":{"line":56,"column":0},"end":{"line":56,"column":37}}},"6":{"name":"parseRequest","line":108,"loc":{"start":{"line":108,"column":16},"end":{"line":108,"column":56}}},"7":{"name":"(anonymous_7)","line":139,"loc":{"start":{"line":139,"column":19},"end":{"line":139,"column":22}}},"8":{"name":"(anonymous_8)","line":143,"loc":{"start":{"line":143,"column":15},"end":{"line":143,"column":18}}},"9":{"name":"(anonymous_9)","line":302,"loc":{"start":{"line":302,"column":28},"end":{"line":302,"column":43}}}},"statementMap":{"1":{"start":{"line":3,"column":0},"end":{"line":3,"column":36}},"2":{"start":{"line":4,"column":0},"end":{"line":4,"column":27}},"3":{"start":{"line":5,"column":0},"end":{"line":5,"column":31}},"4":{"start":{"line":11,"column":0},"end":{"line":11,"column":34}},"5":{"start":{"line":12,"column":0},"end":{"line":12,"column":30}},"6":{"start":{"line":13,"column":0},"end":{"line":13,"column":50}},"7":{"start":{"line":14,"column":0},"end":{"line":14,"column":56}},"8":{"start":{"line":15,"column":0},"end":{"line":15,"column":48}},"9":{"start":{"line":17,"column":0},"end":{"line":20,"column":2}},"10":{"start":{"line":22,"column":0},"end":{"line":27,"column":2}},"11":{"start":{"line":33,"column":0},"end":{"line":35,"column":1}},"12":{"start":{"line":34,"column":2},"end":{"line":34,"column":62}},"13":{"start":{"line":36,"column":0},"end":{"line":36,"column":55}},"14":{"start":{"line":39,"column":0},"end":{"line":41,"column":1}},"15":{"start":{"line":40,"column":2},"end":{"line":40,"column":61}},"16":{"start":{"line":42,"column":0},"end":{"line":42,"column":54}},"17":{"start":{"line":45,"column":0},"end":{"line":47,"column":1}},"18":{"start":{"line":46,"column":2},"end":{"line":46,"column":61}},"19":{"start":{"line":48,"column":0},"end":{"line":48,"column":54}},"20":{"start":{"line":51,"column":0},"end":{"line":53,"column":1}},"21":{"start":{"line":52,"column":2},"end":{"line":52,"column":61}},"22":{"start":{"line":54,"column":0},"end":{"line":54,"column":54}},"23":{"start":{"line":56,"column":0},"end":{"line":58,"column":1}},"24":{"start":{"line":57,"column":2},"end":{"line":57,"column":61}},"25":{"start":{"line":59,"column":0},"end":{"line":59,"column":54}},"26":{"start":{"line":63,"column":0},"end":{"line":318,"column":2}},"27":{"start":{"line":109,"column":4},"end":{"line":109,"column":38}},"28":{"start":{"line":110,"column":4},"end":{"line":110,"column":54}},"29":{"start":{"line":111,"column":4},"end":{"line":113,"column":5}},"30":{"start":{"line":112,"column":6},"end":{"line":112,"column":19}},"31":{"start":{"line":114,"column":4},"end":{"line":116,"column":5}},"32":{"start":{"line":115,"column":6},"end":{"line":115,"column":72}},"33":{"start":{"line":117,"column":4},"end":{"line":117,"column":38}},"34":{"start":{"line":118,"column":4},"end":{"line":118,"column":61}},"35":{"start":{"line":119,"column":4},"end":{"line":119,"column":66}},"36":{"start":{"line":121,"column":4},"end":{"line":123,"column":50}},"37":{"start":{"line":122,"column":6},"end":{"line":123,"column":50}},"38":{"start":{"line":125,"column":4},"end":{"line":125,"column":49}},"39":{"start":{"line":128,"column":4},"end":{"line":128,"column":14}},"40":{"start":{"line":129,"column":4},"end":{"line":129,"column":26}},"41":{"start":{"line":130,"column":4},"end":{"line":130,"column":36}},"42":{"start":{"line":131,"column":4},"end":{"line":131,"column":21}},"43":{"start":{"line":132,"column":4},"end":{"line":132,"column":22}},"44":{"start":{"line":134,"column":4},"end":{"line":146,"column":6}},"45":{"start":{"line":140,"column":8},"end":{"line":140,"column":51}},"46":{"start":{"line":144,"column":8},"end":{"line":144,"column":33}},"47":{"start":{"line":148,"column":4},"end":{"line":148,"column":46}},"48":{"start":{"line":149,"column":4},"end":{"line":213,"column":5}},"49":{"start":{"line":150,"column":6},"end":{"line":150,"column":30}},"50":{"start":{"line":152,"column":6},"end":{"line":211,"column":7}},"51":{"start":{"line":155,"column":8},"end":{"line":156,"column":34}},"52":{"start":{"line":155,"column":23},"end":{"line":155,"column":42}},"53":{"start":{"line":156,"column":13},"end":{"line":156,"column":34}},"54":{"start":{"line":157,"column":8},"end":{"line":157,"column":14}},"55":{"start":{"line":160,"column":8},"end":{"line":206,"column":9}},"56":{"start":{"line":163,"column":10},"end":{"line":163,"column":37}},"57":{"start":{"line":165,"column":10},"end":{"line":174,"column":11}},"58":{"start":{"line":167,"column":12},"end":{"line":167,"column":25}},"59":{"start":{"line":168,"column":17},"end":{"line":174,"column":11}},"60":{"start":{"line":169,"column":12},"end":{"line":170,"column":63}},"61":{"start":{"line":170,"column":14},"end":{"line":170,"column":63}},"62":{"start":{"line":171,"column":12},"end":{"line":171,"column":41}},"63":{"start":{"line":173,"column":12},"end":{"line":173,"column":61}},"64":{"start":{"line":175,"column":10},"end":{"line":175,"column":16}},"65":{"start":{"line":178,"column":10},"end":{"line":183,"column":11}},"66":{"start":{"line":179,"column":12},"end":{"line":179,"column":26}},"67":{"start":{"line":180,"column":12},"end":{"line":180,"column":41}},"68":{"start":{"line":182,"column":12},"end":{"line":182,"column":61}},"69":{"start":{"line":184,"column":10},"end":{"line":184,"column":16}},"70":{"start":{"line":187,"column":10},"end":{"line":192,"column":11}},"71":{"start":{"line":188,"column":12},"end":{"line":188,"column":46}},"72":{"start":{"line":189,"column":12},"end":{"line":189,"column":41}},"73":{"start":{"line":191,"column":12},"end":{"line":191,"column":26}},"74":{"start":{"line":193,"column":10},"end":{"line":193,"column":16}},"75":{"start":{"line":196,"column":10},"end":{"line":201,"column":11}},"76":{"start":{"line":197,"column":12},"end":{"line":197,"column":25}},"77":{"start":{"line":198,"column":12},"end":{"line":198,"column":40}},"78":{"start":{"line":200,"column":12},"end":{"line":200,"column":61}},"79":{"start":{"line":202,"column":10},"end":{"line":202,"column":16}},"80":{"start":{"line":205,"column":10},"end":{"line":205,"column":46}},"81":{"start":{"line":207,"column":8},"end":{"line":207,"column":14}},"82":{"start":{"line":210,"column":8},"end":{"line":210,"column":44}},"83":{"start":{"line":215,"column":4},"end":{"line":223,"column":5}},"84":{"start":{"line":216,"column":6},"end":{"line":220,"column":7}},"85":{"start":{"line":217,"column":8},"end":{"line":217,"column":43}},"86":{"start":{"line":219,"column":8},"end":{"line":219,"column":41}},"87":{"start":{"line":222,"column":6},"end":{"line":222,"column":63}},"88":{"start":{"line":226,"column":4},"end":{"line":227,"column":65}},"89":{"start":{"line":227,"column":6},"end":{"line":227,"column":65}},"90":{"start":{"line":229,"column":4},"end":{"line":230,"column":62}},"91":{"start":{"line":230,"column":6},"end":{"line":230,"column":62}},"92":{"start":{"line":232,"column":4},"end":{"line":233,"column":66}},"93":{"start":{"line":233,"column":6},"end":{"line":233,"column":66}},"94":{"start":{"line":235,"column":4},"end":{"line":236,"column":66}},"95":{"start":{"line":236,"column":6},"end":{"line":236,"column":66}},"96":{"start":{"line":239,"column":4},"end":{"line":239,"column":68}},"97":{"start":{"line":240,"column":4},"end":{"line":248,"column":5}},"98":{"start":{"line":241,"column":6},"end":{"line":241,"column":49}},"99":{"start":{"line":243,"column":6},"end":{"line":247,"column":18}},"100":{"start":{"line":244,"column":8},"end":{"line":245,"column":24}},"101":{"start":{"line":247,"column":8},"end":{"line":247,"column":18}},"102":{"start":{"line":251,"column":4},"end":{"line":281,"column":5}},"103":{"start":{"line":252,"column":6},"end":{"line":252,"column":53}},"104":{"start":{"line":253,"column":6},"end":{"line":253,"column":35}},"105":{"start":{"line":255,"column":6},"end":{"line":277,"column":7}},"106":{"start":{"line":256,"column":8},"end":{"line":267,"column":9}},"107":{"start":{"line":261,"column":10},"end":{"line":262,"column":80}},"108":{"start":{"line":265,"column":10},"end":{"line":266,"column":45}},"109":{"start":{"line":268,"column":13},"end":{"line":277,"column":7}},"110":{"start":{"line":269,"column":8},"end":{"line":271,"column":22}},"111":{"start":{"line":273,"column":8},"end":{"line":273,"column":39}},"112":{"start":{"line":274,"column":8},"end":{"line":275,"column":70}},"113":{"start":{"line":275,"column":10},"end":{"line":275,"column":70}},"114":{"start":{"line":276,"column":8},"end":{"line":276,"column":49}},"115":{"start":{"line":279,"column":6},"end":{"line":280,"column":37}},"116":{"start":{"line":280,"column":8},"end":{"line":280,"column":37}},"117":{"start":{"line":284,"column":4},"end":{"line":284,"column":13}},"118":{"start":{"line":285,"column":4},"end":{"line":300,"column":5}},"119":{"start":{"line":286,"column":8},"end":{"line":290,"column":9}},"120":{"start":{"line":287,"column":10},"end":{"line":287,"column":53}},"121":{"start":{"line":289,"column":10},"end":{"line":289,"column":48}},"122":{"start":{"line":291,"column":6},"end":{"line":291,"column":27}},"123":{"start":{"line":292,"column":6},"end":{"line":292,"column":58}},"124":{"start":{"line":294,"column":6},"end":{"line":299,"column":7}},"125":{"start":{"line":295,"column":8},"end":{"line":298,"column":63}},"126":{"start":{"line":302,"column":4},"end":{"line":307,"column":7}},"127":{"start":{"line":305,"column":6},"end":{"line":306,"column":71}},"128":{"start":{"line":306,"column":8},"end":{"line":306,"column":71}},"129":{"start":{"line":309,"column":4},"end":{"line":313,"column":5}},"130":{"start":{"line":310,"column":6},"end":{"line":312,"column":70}},"131":{"start":{"line":311,"column":8},"end":{"line":312,"column":70}},"132":{"start":{"line":315,"column":4},"end":{"line":315,"column":18}}},"branchMap":{"1":{"line":111,"type":"if","locations":[{"start":{"line":111,"column":4},"end":{"line":111,"column":4}},{"start":{"line":111,"column":4},"end":{"line":111,"column":4}}]},"2":{"line":114,"type":"if","locations":[{"start":{"line":114,"column":4},"end":{"line":114,"column":4}},{"start":{"line":114,"column":4},"end":{"line":114,"column":4}}]},"3":{"line":115,"type":"cond-expr","locations":[{"start":{"line":115,"column":53},"end":{"line":115,"column":61}},{"start":{"line":115,"column":64},"end":{"line":115,"column":70}}]},"4":{"line":121,"type":"if","locations":[{"start":{"line":121,"column":4},"end":{"line":121,"column":4}},{"start":{"line":121,"column":4},"end":{"line":121,"column":4}}]},"5":{"line":125,"type":"binary-expr","locations":[{"start":{"line":125,"column":24},"end":{"line":125,"column":41}},{"start":{"line":125,"column":45},"end":{"line":125,"column":48}}]},"6":{"line":152,"type":"switch","locations":[{"start":{"line":154,"column":6},"end":{"line":157,"column":14}},{"start":{"line":159,"column":6},"end":{"line":207,"column":14}},{"start":{"line":209,"column":6},"end":{"line":210,"column":44}}]},"7":{"line":155,"type":"if","locations":[{"start":{"line":155,"column":8},"end":{"line":155,"column":8}},{"start":{"line":155,"column":8},"end":{"line":155,"column":8}}]},"8":{"line":160,"type":"switch","locations":[{"start":{"line":162,"column":8},"end":{"line":175,"column":16}},{"start":{"line":177,"column":8},"end":{"line":184,"column":16}},{"start":{"line":186,"column":8},"end":{"line":193,"column":16}},{"start":{"line":195,"column":8},"end":{"line":202,"column":16}},{"start":{"line":204,"column":8},"end":{"line":205,"column":46}}]},"9":{"line":165,"type":"if","locations":[{"start":{"line":165,"column":10},"end":{"line":165,"column":10}},{"start":{"line":165,"column":10},"end":{"line":165,"column":10}}]},"10":{"line":165,"type":"binary-expr","locations":[{"start":{"line":165,"column":15},"end":{"line":165,"column":27}},{"start":{"line":165,"column":31},"end":{"line":165,"column":43}},{"start":{"line":166,"column":15},"end":{"line":166,"column":27}},{"start":{"line":166,"column":31},"end":{"line":166,"column":43}}]},"11":{"line":168,"type":"if","locations":[{"start":{"line":168,"column":17},"end":{"line":168,"column":17}},{"start":{"line":168,"column":17},"end":{"line":168,"column":17}}]},"12":{"line":169,"type":"if","locations":[{"start":{"line":169,"column":12},"end":{"line":169,"column":12}},{"start":{"line":169,"column":12},"end":{"line":169,"column":12}}]},"13":{"line":178,"type":"if","locations":[{"start":{"line":178,"column":10},"end":{"line":178,"column":10}},{"start":{"line":178,"column":10},"end":{"line":178,"column":10}}]},"14":{"line":187,"type":"if","locations":[{"start":{"line":187,"column":10},"end":{"line":187,"column":10}},{"start":{"line":187,"column":10},"end":{"line":187,"column":10}}]},"15":{"line":196,"type":"if","locations":[{"start":{"line":196,"column":10},"end":{"line":196,"column":10}},{"start":{"line":196,"column":10},"end":{"line":196,"column":10}}]},"16":{"line":215,"type":"if","locations":[{"start":{"line":215,"column":4},"end":{"line":215,"column":4}},{"start":{"line":215,"column":4},"end":{"line":215,"column":4}}]},"17":{"line":215,"type":"binary-expr","locations":[{"start":{"line":215,"column":8},"end":{"line":215,"column":30}},{"start":{"line":215,"column":34},"end":{"line":215,"column":62}}]},"18":{"line":216,"type":"if","locations":[{"start":{"line":216,"column":6},"end":{"line":216,"column":6}},{"start":{"line":216,"column":6},"end":{"line":216,"column":6}}]},"19":{"line":226,"type":"if","locations":[{"start":{"line":226,"column":4},"end":{"line":226,"column":4}},{"start":{"line":226,"column":4},"end":{"line":226,"column":4}}]},"20":{"line":226,"type":"binary-expr","locations":[{"start":{"line":226,"column":8},"end":{"line":226,"column":22}},{"start":{"line":226,"column":26},"end":{"line":226,"column":55}}]},"21":{"line":229,"type":"if","locations":[{"start":{"line":229,"column":4},"end":{"line":229,"column":4}},{"start":{"line":229,"column":4},"end":{"line":229,"column":4}}]},"22":{"line":232,"type":"if","locations":[{"start":{"line":232,"column":4},"end":{"line":232,"column":4}},{"start":{"line":232,"column":4},"end":{"line":232,"column":4}}]},"23":{"line":235,"type":"if","locations":[{"start":{"line":235,"column":4},"end":{"line":235,"column":4}},{"start":{"line":235,"column":4},"end":{"line":235,"column":4}}]},"24":{"line":243,"type":"if","locations":[{"start":{"line":243,"column":6},"end":{"line":243,"column":6}},{"start":{"line":243,"column":6},"end":{"line":243,"column":6}}]},"25":{"line":255,"type":"if","locations":[{"start":{"line":255,"column":6},"end":{"line":255,"column":6}},{"start":{"line":255,"column":6},"end":{"line":255,"column":6}}]},"26":{"line":256,"type":"if","locations":[{"start":{"line":256,"column":8},"end":{"line":256,"column":8}},{"start":{"line":256,"column":8},"end":{"line":256,"column":8}}]},"27":{"line":268,"type":"if","locations":[{"start":{"line":268,"column":13},"end":{"line":268,"column":13}},{"start":{"line":268,"column":13},"end":{"line":268,"column":13}}]},"28":{"line":274,"type":"if","locations":[{"start":{"line":274,"column":8},"end":{"line":274,"column":8}},{"start":{"line":274,"column":8},"end":{"line":274,"column":8}}]},"29":{"line":279,"type":"if","locations":[{"start":{"line":279,"column":6},"end":{"line":279,"column":6}},{"start":{"line":279,"column":6},"end":{"line":279,"column":6}}]},"30":{"line":285,"type":"if","locations":[{"start":{"line":285,"column":4},"end":{"line":285,"column":4}},{"start":{"line":285,"column":4},"end":{"line":285,"column":4}}]},"31":{"line":285,"type":"binary-expr","locations":[{"start":{"line":285,"column":8},"end":{"line":285,"column":28}},{"start":{"line":285,"column":32},"end":{"line":285,"column":57}}]},"32":{"line":286,"type":"if","locations":[{"start":{"line":286,"column":8},"end":{"line":286,"column":8}},{"start":{"line":286,"column":8},"end":{"line":286,"column":8}}]},"33":{"line":294,"type":"if","locations":[{"start":{"line":294,"column":6},"end":{"line":294,"column":6}},{"start":{"line":294,"column":6},"end":{"line":294,"column":6}}]},"34":{"line":305,"type":"if","locations":[{"start":{"line":305,"column":6},"end":{"line":305,"column":6}},{"start":{"line":305,"column":6},"end":{"line":305,"column":6}}]},"35":{"line":309,"type":"if","locations":[{"start":{"line":309,"column":4},"end":{"line":309,"column":4}},{"start":{"line":309,"column":4},"end":{"line":309,"column":4}}]},"36":{"line":310,"type":"if","locations":[{"start":{"line":310,"column":6},"end":{"line":310,"column":6}},{"start":{"line":310,"column":6},"end":{"line":310,"column":6}}]}},"code":["// Copyright 2012 Joyent, Inc.  All rights reserved.","","var assert = require('assert-plus');","var util = require('util');","var utils = require('./utils');","","","","///--- Globals","","var HASH_ALGOS = utils.HASH_ALGOS;","var PK_ALGOS = utils.PK_ALGOS;","var HttpSignatureError = utils.HttpSignatureError;","var InvalidAlgorithmError = utils.InvalidAlgorithmError;","var validateAlgorithm = utils.validateAlgorithm;","","var State = {","  New: 0,","  Params: 1","};","","var ParamsState = {","  Name: 0,","  Quote: 1,","  Value: 2,","  Comma: 3","};","","","///--- Specific Errors","","","function ExpiredRequestError(message) {","  HttpSignatureError.call(this, message, ExpiredRequestError);","}","util.inherits(ExpiredRequestError, HttpSignatureError);","","","function InvalidHeaderError(message) {","  HttpSignatureError.call(this, message, InvalidHeaderError);","}","util.inherits(InvalidHeaderError, HttpSignatureError);","","","function InvalidParamsError(message) {","  HttpSignatureError.call(this, message, InvalidParamsError);","}","util.inherits(InvalidParamsError, HttpSignatureError);","","","function MissingHeaderError(message) {","  HttpSignatureError.call(this, message, MissingHeaderError);","}","util.inherits(MissingHeaderError, HttpSignatureError);","","function StrictParsingError(message) {","  HttpSignatureError.call(this, message, StrictParsingError);","}","util.inherits(StrictParsingError, HttpSignatureError);","","///--- Exported API","","module.exports = {","","  /**","   * Parses the 'Authorization' header out of an http.ServerRequest object.","   *","   * Note that this API will fully validate the Authorization header, and throw","   * on any error.  It will not however check the signature, or the keyId format","   * as those are specific to your environment.  You can use the options object","   * to pass in extra constraints.","   *","   * As a response object you can expect this:","   *","   *     {","   *       \"scheme\": \"Signature\",","   *       \"params\": {","   *         \"keyId\": \"foo\",","   *         \"algorithm\": \"rsa-sha256\",","   *         \"headers\": [","   *           \"date\" or \"x-date\",","   *           \"digest\"","   *         ],","   *         \"signature\": \"base64\"","   *       },","   *       \"signingString\": \"ready to be passed to crypto.verify()\"","   *     }","   *","   * @param {Object} request an http.ServerRequest.","   * @param {Object} options an optional options object with:","   *                   - clockSkew: allowed clock skew in seconds (default 300).","   *                   - headers: required header names (def: date or x-date)","   *                   - algorithms: algorithms to support (default: all).","   *                   - strict: should enforce latest spec parsing","   *                             (default: false).","   * @return {Object} parsed out object (see above).","   * @throws {TypeError} on invalid input.","   * @throws {InvalidHeaderError} on an invalid Authorization header error.","   * @throws {InvalidParamsError} if the params in the scheme are invalid.","   * @throws {MissingHeaderError} if the params indicate a header not present,","   *                              either in the request headers from the params,","   *                              or not in the params from a required header","   *                              in options.","   * @throws {StrictParsingError} if old attributes are used in strict parsing","   *                              mode.","   * @throws {ExpiredRequestError} if the value of date or x-date exceeds skew.","   */","  parseRequest: function parseRequest(request, options) {","    assert.object(request, 'request');","    assert.object(request.headers, 'request.headers');","    if (options === undefined) {","      options = {};","    }","    if (options.headers === undefined) {","      options.headers = [request.headers['x-date'] ? 'x-date' : 'date'];","    }","    assert.object(options, 'options');","    assert.arrayOfString(options.headers, 'options.headers');","    assert.optionalNumber(options.clockSkew, 'options.clockSkew');","","    if (!request.headers.authorization)","      throw new MissingHeaderError('no authorization header present in ' +","                                   'the request');","","    options.clockSkew = options.clockSkew || 300;","","","    var i = 0;","    var state = State.New;","    var substate = ParamsState.Name;","    var tmpName = '';","    var tmpValue = '';","","    var parsed = {","      scheme: '',","      params: {},","      signingString: '',","","      get algorithm() {","        return this.params.algorithm.toUpperCase();","      },","","      get keyId() {","        return this.params.keyId;","      }","    };","","    var authz = request.headers.authorization;","    for (i = 0; i < authz.length; i++) {","      var c = authz.charAt(i);","","      switch (Number(state)) {","","      case State.New:","        if (c !== ' ') parsed.scheme += c;","        else state = State.Params;","        break;","","      case State.Params:","        switch (Number(substate)) {","","        case ParamsState.Name:","          var code = c.charCodeAt(0);","          // restricted name of A-Z / a-z","          if ((code >= 0x41 && code <= 0x5a) || // A-Z","              (code >= 0x61 && code <= 0x7a)) { // a-z","            tmpName += c;","          } else if (c === '=') {","            if (tmpName.length === 0)","              throw new InvalidHeaderError('bad param format');","            substate = ParamsState.Quote;","          } else {","            throw new InvalidHeaderError('bad param format');","          }","          break;","","        case ParamsState.Quote:","          if (c === '\"') {","            tmpValue = '';","            substate = ParamsState.Value;","          } else {","            throw new InvalidHeaderError('bad param format');","          }","          break;","","        case ParamsState.Value:","          if (c === '\"') {","            parsed.params[tmpName] = tmpValue;","            substate = ParamsState.Comma;","          } else {","            tmpValue += c;","          }","          break;","","        case ParamsState.Comma:","          if (c === ',') {","            tmpName = '';","            substate = ParamsState.Name;","          } else {","            throw new InvalidHeaderError('bad param format');","          }","          break;","","        default:","          throw new Error('Invalid substate');","        }","        break;","","      default:","        throw new Error('Invalid substate');","      }","","    }","","    if (!parsed.params.headers || parsed.params.headers === '') {","      if (request.headers['x-date']) {","        parsed.params.headers = ['x-date'];","      } else {","        parsed.params.headers = ['date'];","      }","    } else {","      parsed.params.headers = parsed.params.headers.split(' ');","    }","","    // Minimally validate the parsed object","    if (!parsed.scheme || parsed.scheme !== 'Signature')","      throw new InvalidHeaderError('scheme was not \"Signature\"');","","    if (!parsed.params.keyId)","      throw new InvalidHeaderError('keyId was not specified');","","    if (!parsed.params.algorithm)","      throw new InvalidHeaderError('algorithm was not specified');","","    if (!parsed.params.signature)","      throw new InvalidHeaderError('signature was not specified');","","    // Check the algorithm against the official list","    parsed.params.algorithm = parsed.params.algorithm.toLowerCase();","    try {","      validateAlgorithm(parsed.params.algorithm);","    } catch (e) {","      if (e instanceof InvalidAlgorithmError)","        throw (new InvalidParamsError(parsed.params.algorithm + ' is not ' +","          'supported'));","      else","        throw (e);","    }","","    // Build the signingString","    for (i = 0; i < parsed.params.headers.length; i++) {","      var h = parsed.params.headers[i].toLowerCase();","      parsed.params.headers[i] = h;","","      if (h === 'request-line') {","        if (!options.strict) {","          /*","           * We allow headers from the older spec drafts if strict parsing isn't","           * specified in options.","           */","          parsed.signingString +=","            request.method + ' ' + request.url + ' HTTP/' + request.httpVersion;","        } else {","          /* Strict parsing doesn't allow older draft headers. */","          throw (new StrictParsingError('request-line is not a valid header ' +","            'with strict parsing enabled.'));","        }","      } else if (h === '(request-target)') {","        parsed.signingString +=","          '(request-target): ' + request.method.toLowerCase() + ' ' +","          request.url;","      } else {","        var value = request.headers[h];","        if (value === undefined)","          throw new MissingHeaderError(h + ' was not in the request');","        parsed.signingString += h + ': ' + value;","      }","","      if ((i + 1) < parsed.params.headers.length)","        parsed.signingString += '\\n';","    }","","    // Check against the constraints","    var date;","    if (request.headers.date || request.headers['x-date']) {","        if (request.headers['x-date']) {","          date = new Date(request.headers['x-date']);","        } else {","          date = new Date(request.headers.date);","        }","      var now = new Date();","      var skew = Math.abs(now.getTime() - date.getTime());","","      if (skew > options.clockSkew * 1000) {","        throw new ExpiredRequestError('clock skew of ' +","                                      (skew / 1000) +","                                      's was greater than ' +","                                      options.clockSkew + 's');","      }","    }","","    options.headers.forEach(function (hdr) {","      // Remember that we already c
[...]
== undefined && key.type !== alg[0]) {","      throw (new InvalidAlgorithmError('options.key must be a ' +","        alg[0].toUpperCase() + ' key, was given a ' +","        key.type.toUpperCase() + ' key instead'));","    }","","    this.rs_signer = key.createSign(alg[1]);","","  } else {","    throw (new TypeError('options.sign (func) or options.key is required'));","  }","","  this.rs_headers = [];","  this.rs_lines = [];","}","","/**"," * Adds a header to be signed, with its value, into this signer."," *"," * @param {String} header"," * @param {String} value"," * @return {String} value written"," */","RequestSigner.prototype.writeHeader = function (header, value) {","  assert.string(header, 'header');","  header = header.toLowerCase();","  assert.string(value, 'value');","","  this.rs_headers.push(header);","","  if (this.rs_signFunc) {","    this.rs_lines.push(header + ': ' + value);","","  } else {","    var line = header + ': ' + value;","    if (this.rs_headers.length > 0)","      line = '\\n' + line;","    this.rs_signer.update(line);","  }","","  return (value);","};","","/**"," * Adds a default Date header, returning its value."," *"," * @return {String}"," */","RequestSigner.prototype.writeDateHeader = function () {","  return (this.writeHeader('date', jsprim.rfc1123(new Date())));","};","","/**"," * Adds the request target line to be signed."," *"," * @param {String} method, HTTP method (e.g. 'get', 'post', 'put')"," * @param {String} path"," */","RequestSigner.prototype.writeTarget = function (method, path) {","  assert.string(method, 'method');","  assert.string(path, 'path');","  method = method.toLowerCase();","  this.writeHeader('(request-target)', method + ' ' + path);","};","","/**"," * Calculate the value for the Authorization header on this request"," * asynchronously."," *"," * @param {Func} callback (err, authz)"," */","RequestSigner.prototype.sign = function (cb) {","  assert.func(cb, 'callback');","","  if (this.rs_headers.length < 1)","    throw (new Error('At least one header must be signed'));","","  var alg, authz;","  if (this.rs_signFunc) {","    var data = this.rs_lines.join('\\n');","    var self = this;","    this.rs_signFunc(data, function (err, sig) {","      if (err) {","        cb(err);","        return;","      }","      try {","        assert.object(sig, 'signature');","        assert.string(sig.keyId, 'signature.keyId');","        assert.string(sig.algorithm, 'signature.algorithm');","        assert.string(sig.signature, 'signature.signature');","        alg = validateAlgorithm(sig.algorithm);","","        authz = sprintf(AUTHZ_FMT,","          sig.keyId,","          sig.algorithm,","          self.rs_headers.join(' '),","          sig.signature);","      } catch (e) {","        cb(e);","        return;","      }","      cb(null, authz);","    });","","  } else {","    try {","      var sigObj = this.rs_signer.sign();","    } catch (e) {","      cb(e);","      return;","    }","    alg = (this.rs_alg[0] || this.rs_key.type) + '-' + sigObj.hashAlgorithm;","    var signature = sigObj.toString();","    authz = sprintf(AUTHZ_FMT,","      this.rs_keyId,","      alg,","      this.rs_headers.join(' '),","      signature);","    cb(null, authz);","  }","};","","///--- Exported API","","module.exports = {","  /**","   * Identifies whether a given object is a request signer or not.","   *","   * @param {Object} object, the object to identify","   * @returns {Boolean}","   */","  isSigner: function (obj) {","    if (typeof (obj) === 'object' && obj instanceof RequestSigner)","      return (true);","    return (false);","  },","","  /**","   * Creates a request signer, used to asynchronously build a signature","   * for a request (does not have to be an http.ClientRequest).","   *","   * @param {Object} options, either:","   *                   - {String} keyId","   *                   - {String|Buffer} key","   *                   - {String} algorithm (optional, required for HMAC)","   *                 or:","   *                   - {Func} sign (data, cb)","   * @return {RequestSigner}","   */","  createSigner: function createSigner(options) {","    return (new RequestSigner(options));","  },","","  /**","   * Adds an 'Authorization' header to an http.ClientRequest object.","   *","   * Note that this API will add a Date header if it's not already set. Any","   * other headers in the options.headers array MUST be present, or this","   * will throw.","   *","   * You shouldn't need to check the return type; it's just there if you want","   * to be pedantic.","   *","   * The optional flag indicates whether parsing should use strict enforcement","   * of the version draft-cavage-http-signatures-04 of the spec or beyond.","   * The default is to be loose and support","   * older versions for compatibility.","   *","   * @param {Object} request an instance of http.ClientRequest.","   * @param {Object} options signing parameters object:","   *                   - {String} keyId required.","   *                   - {String} key required (either a PEM or HMAC key).","   *                   - {Array} headers optional; defaults to ['date'].","   *                   - {String} algorithm optional (unless key is HMAC);","   *                              default is the same as the sshpk default","   *                              signing algorithm for the type of key given","   *                   - {String} httpVersion optional; defaults to '1.1'.","   *                   - {Boolean} strict optional; defaults to 'false'.","   * @return {Boolean} true if Authorization (and optionally Date) were added.","   * @throws {TypeError} on bad parameter types (input).","   * @throws {InvalidAlgorithmError} if algorithm was bad or incompatible with","   *                                 the given key.","   * @throws {sshpk.KeyParseError} if key was bad.","   * @throws {MissingHeaderError} if a header to be signed was specified but","   *                              was not present.","   */","  signRequest: function signRequest(request, options) {","    assert.object(request, 'request');","    assert.object(options, 'options');","    assert.optionalString(options.algorithm, 'options.algorithm');","    assert.string(options.keyId, 'options.keyId');","    assert.optionalArrayOfString(options.headers, 'options.headers');","    assert.optionalString(options.httpVersion, 'options.httpVersion');","","    if (!request.getHeader('Date'))","      request.setHeader('Date', jsprim.rfc1123(new Date()));","    if (!options.headers)","      options.headers = ['date'];","    if (!options.httpVersion)","      options.httpVersion = '1.1';","","    var alg = [];","    if (options.algorithm) {","      options.algorithm = options.algorithm.toLowerCase();","      alg = validateAlgorithm(options.algorithm);","    }","","    var i;","    var stringToSign = '';","    for (i = 0; i < options.headers.length; i++) {","      if (typeof (options.headers[i]) !== 'string')","        throw new TypeError('options.headers must be an array of Strings');","","      var h = options.headers[i].toLowerCase();","","      if (h === 'request-line') {","        if (!options.strict) {","          /**","           * We allow headers from the older spec drafts if strict parsing isn't","           * specified in options.","           */","          stringToSign +=","            request.method + ' ' + request.path + ' HTTP/' +","            options.httpVersion;","        } else {","          /* Strict parsing doesn't allow older draft headers. */","          throw (new StrictParsingError('request-line is not a valid header ' +","            'with strict parsing enabled.'));","        }","      } else if (h === '(request-target)') {","        stringToSign +=","          '(request-target): ' + request.method.toLowerCase() + ' ' +","          request.path;","      } else {","        var value = request.getHeader(h);","        if (value === undefined || value === '') {","          throw new MissingHeaderError(h + ' was not in the request');","        }","        stringToSign += h + ': ' + value;","      }","","      if ((i + 1) < options.headers.length)","        stringToSign += '\\n';","    }","","    /* This is just for unit tests. */","    if (request.hasOwnProperty('_stringToSign')) {","      request._stringToSign = stringToSign;","    }","","    var signature;","    if (alg[0] === 'hmac') {","      if (typeof (options.key) !== 'string' && !Buffer.isBuffer(options.key))","        throw (new TypeError('options.key must be a string or Buffer'));","","      var hmac = crypto.createHmac(alg[1].toUpperCase(), options.key);","      hmac.update(stringToSign);","      signature = hmac.digest('base64');","","    } else {","      var key = options.key;","      if (typeof (key) === 'string' || Buffer.isBuffer(key))","        key = sshpk.parsePrivateKey(options.key);","","      assert.ok(sshpk.PrivateKey.isPrivateKey(key, [1, 2]),","        'options.key must be a sshpk.PrivateKey');","","      if (!PK_ALGOS[key.type]) {","        throw (new InvalidAlgorithmError(key.type.toUpperCase() + ' type ' +","          'keys are not supported'));","      }","","      if (alg[0] !== undefined && key.type !== alg[0]) {","        throw (new InvalidAlgorithmError('options.key must be a ' +","          alg[0].toUpperCase() + ' key, was given a ' +","          key.type.toUpperCase() + ' key instead'));","      }","","      var signer = key.createSign(alg[1]);","      signer.update(stringToSign);","      var sigObj = signer.sign();","      if (!HASH_ALGOS[sigObj.hashAlgorithm]) {","        throw (new InvalidAlgorithmError(sigObj.hashAlgorithm.toUpperCase() +","          ' is not a supported hash algorithm'));","      }","      options.algorithm = key.type + '-' + sigObj.hashAlgorithm;","      signature = sigObj.toString();","      assert.notStrictEqual(signature, '', 'empty signature produced');","    }","","    request.setHeader('Authorization', sprintf(AUTHZ_FMT,","                                               options.keyId,","                                               options.algorithm,","                                               options.headers.join(' '),","                                               signature));","","    return true;","  }","","};",""],"l":{"3":1,"4":1,"5":1,"6":1,"7":1,"8":1,"9":1,"11":1,"13":1,"14":1,"15":1,"16":1,"17":1,"21":1,"26":1,"27":0,"29":1,"31":1,"32":0,"34":1,"37":1,"38":0,"40":0,"41":0,"42":0,"43":0,"45":0,"57":0,"58":0,"59":0,"61":0,"62":0,"63":0,"65":0,"66":0,"73":0,"74":0,"75":0,"76":0,"78":0,"82":0,"83":0,"84":0,"85":0,"87":0,"89":0,"91":0,"92":0,"94":0,"95":0,"99":0,"100":0,"105":0,"108":0,"111":0,"112":0,"122":1,"123":0,"124":0,"125":0,"127":0,"129":0,"130":0,"133":0,"134":0,"135":0,"136":0,"139":0,"147":1,"148":0,"157":1,"158":0,"159":0,"160":0,"161":0,"170":1,"171":0,"173":0,"174":0,"176":0,"177":0,"178":0,"179":0,"180":0,"181":0,"182":0,"183":0,"185":0,"186":0,"187":0,"188":0,"189":0,"190":0,"192":0,"198":0,"199":0,"201":0,"205":0,"206":0,"208":0,"209":0,"211":0,"212":0,"213":0,"218":0,"224":1,"232":0,"233":0,"234":0,"250":0,"287":0,"288":0,"289":0,"290":0,"291":0,"292":0,"294":0,"295":0,"296":0,"297":0,"298":0,"299":0,"301":0,"302":0,"303":0,"304":0,"307":0,"308":0,"309":0,"310":0,"311":0,"313":0,"315":0,"316":0,"321":0,"326":0,"329":0,"330":0,"334":0,"335":0,"336":0,"338":0,"341":0,"342":0,"346":0,"347":0,"350":0,"351":0,"352":0,"353":0,"355":0,"356":0,"357":0,"360":0,"361":0,"362":0,"364":0,"367":0,"368":0,"372":0,"373":0,"378":0,"379":0,"380":0,"381":0,"382":0,"385":0,"386":0,"387":0,"390":0,"396":0}},"/home/travis/build/npmtest/node-npmtest-http-signature/node_modules/http-signature/lib/verify.js":{"path":"/home/travis/build/npmtest/node-npmtest-http-signature/node_modules/http-signature/lib/verify.js","s":{"1":1,"2":1,"3":1,"4":1,"5":1,"6":1,"7":1,"8":1,"9":1,"10":1,"11":0,"12":0,"13":0,"14":0,"15":0,"16":0,"17":0,"18":0,"19":0,"20":0,"21":0,"22":0,"23":0,"24":0,"25":0,"26":0,"27":0,"28":0,"29":0,"30":0,"31":0,"32":0,"33":0,"34":0,"35":0,"36":0,"37":0,"38":0,"39":0},"b":{"1":[0,0],"2":[0,0],"3":[0,0],"4":[0,0],"5":[0,0],"6":[0,0],"7":[0,0],"8":[0,0]},"f":{"1":0,"2":0},"fnMap":{"1":{"name":"verifySignature","line":27,"loc":{"start":{"line":27,"column":19},"end":{"line":27,"column":69}}},"2":{"name":"verifyHMAC","line":52,"loc":{"start":{"line":52,"column":14},"end":{"line":52,"column":59}}}},"statementMap":{"1":{"start":{"line":3,"column":0},"end":{"line":3,"column":36}},"2":{"start":{"line":4,"column":0},"end":{"line":4,"column":31}},"3":{"start":{"line":5,"column":0},"end":{"line":5,"column":29}},"4":{"start":{"line":6,"column":0},"end":{"line":6,"column":31}},"5":{"start":{"line":8,"column":0},"end":{"line":8,"column":34}},"6":{"start":{"line":9,"column":0},"end":{"line":9,"column":30}},"7":{"start":{"line":10,"column":0},"end":{"line":10,"column":56}},"8":{"start":{"line":11,"column":0},"end":{"line":11,"column":50}},"9":{"start":{"line":12,"column":0},"end":{"line":12,"column":48}},"10":{"start":{"line":16,"column":0},"end":{"line":88,"column":2}},"11":{"start":{"line":28,"column":4},"end":{"line":28,"column":54}},"12":{"start":{"line":29,"column":4},"end":{"line":30,"column":38}},"13":{"start":{"line":30,"column":6},"end":{"line":30,"column":38}},"14":{"start":{"line":31,"column":4},"end":{"line":31,"column":77}},"15":{"start":{"line":33,"column":4},"end":{"line":33,"column":59}},"16":{"start":{"line":34,"column":4},"end":{"line":35,"column":21}},"17":{"start":{"line":35,"column":6},"end":{"line":35,"column":21}},"18":{"start":{"line":37,"column":4},"end":{"line":37,"column":40}},"19":{"start":{"line":38,"column":4},"end":{"line":38,"column":44}},"20":{"start":{"line":39,"column":4},"end":{"line":39,"column":66}},"21":{"start":{"line":53,"column":4},"end":{"line":53,"column":49}},"22":{"start":{"line":54,"column":4},"end":{"line":54,"column":36}},"23":{"start":{"line":56,"column":4},"end":{"line":56,"column":59}},"24":{"start":{"line":57,"column":4},"end":{"line":58,"column":21}},"25":{"start":{"line":58,"column":6},"end":{"line":58,"column":21}},"26":{"start":{"line":60,"column":4},"end":{"line":60,"column":39}},"27":{"start":{"line":62,"column":4},"end":{"line":62,"column":50}},"28":{"start":{"line":63,"column":4},"end":{"line":63,"column":47}},"29":{"start":{"line":72,"column":4},"end":{"line":72,"column":48}},"30":{"start":{"line":73,"column":4},"end":{"line":73,"column":29}},"31":{"start":{"line":74,"column":4},"end":{"line":74,"column":21}},"32":{"start":{"line":75,"column":4},"end":{"line":75,"column":48}},"33":{"start":{"line":76,"column":4},"end":{"line":76,"column":70}},"34":{"start":{"line":77,"column":4},"end":{"line":77,"column":21}},"35":{"start":{"line":80,"column":4},"end":{"line":81,"column":25}},"36":{"start":{"line":81,"column":6},"end":{"line":81,"column":25}},"37":{"start":{"line":83,"column":4},"end":{"line":84,"column":63}},"38":{"start":{"line":84,"column":6},"end":{"line":84,"column":63}},"39":{"start":{"line":86,"column":4},"end":{"line":86,"column":27}}},"branchMap":{"1":{"line":29,"type":"if","locations":[{"start":{"line":29,"column":4},"end":{"line":29,"column":4}},{"start":{"line":29,"column":4},"end":{"line":29,"column":4}}]},"2":{"line":29,"type":"binary-expr","locations":[{"start":{"line":29,"column":8},"end":{"line":29,"column":36}},{"start":{"line":29,"column":40},"end":{"line":29,"column":63}}]},"3":{"line":34,"type":"if","locations":[{"start":{"line":34,"column":4},"end":{"line":34,"column":4}},{"start":{"line":34,"column":4},"end":{"line":34,"column":4}}]},"4":{"line":34,"type":"binary-expr","locations":[{"start":{"line":34,"column":8},"end":{"line":34,"column":25}},{"start":{"line":34,"column":29},"end":{"line":34,"column":51}}]},"5":{"line":57,"type":"if","locations":[{"start":{"line":57,"column":4},"end":{"line":57,"column":4}},{"start":{"line":57,"column":4},"end":{"line":57,"column":4}}]},"6":{"line":80,"type":"if","locations":[{"start":{"line":80,"column":4},"end":{"line":80,"column":4}},{"start":{"line":80,"column":4},"end":{"line":80,"column":4}}]},"7":{"line":83,"type":"if","locations":[{"start":{"line":83,"column":4},"end":{"line":83,"column":4}},{"start":{"line":83,"column":4},"end":{"line":83,"column":4}}]},"8":{"line":83,"type":"binary-expr","locations":[{"start":{"line":83,"column":8},"end":{"line":83,"column":27}},{"start":{"line":83,"column":31},"end":{"line":83,"column":41}}]}},"code":["// Copyright 2015 Joyent, Inc.","","var assert = require('assert-plus');","var crypto = require('crypto');","var sshpk = require('sshpk');","var utils = require('./utils');","","var HASH_ALGOS = utils.HASH_ALGOS;","var PK_ALGOS = utils.PK_ALGOS;","var InvalidAlgorithmError = utils.InvalidAlgorithmError;","var HttpSignatureError = utils.HttpSignatureError;","var validateAlgorithm = utils.validateAlgorithm;","","///--- Exported API","","module.exports = {","  /**","   * Verify RSA/DSA signature against public key.  You are expected to pass in","   * an object that was returned from `parse()`.","   *","   * @param {Object} parsedSignature the object you got from `parse`.","   * @param {String} pubkey RSA/DSA private key PEM.","   * @return {Boolean} true if valid, false otherwise.","   * @throws {TypeError} if you pass in bad arguments.","   * @throws {InvalidAlgorithmError}","   */","  verifySignature: function verifySignature(parsedSignature, pubkey) {","    assert.object(parsedSignature, 'parsedSignature');","    if (typeof (pubkey) === 'string' || Buffer.isBuffer(pubkey))","      pubkey = sshpk.parseKey(pubkey);","    assert.ok(sshpk.Key.isKey(pubkey, [1, 1]), 'pubkey must be a sshpk.Key');","","    var alg = validateAlgorithm(parsedSignature.algorithm);","    if (alg[0] === 'hmac' || alg[0] !== pubkey.type)","      return (false);","","    var v = pubkey.createVerify(alg[1]);","    v.update(parsedSignature.signingString);","    return (v.verify(parsedSignature.params.signature, 'base64'));","  },","","  /**","   * Verify HMAC against shared secret.  You are expected to pass in an object","   * that was returned from `parse()`.","   *","   * @param {Object} parsedSignature the object you got from `parse`.","   * @param {String} secret HMAC shared secret.","   * @return {Boolean} true if valid, false otherwise.","   * @throws {TypeError} if you pass in bad arguments.","   * @throws {InvalidAlgorithmError}","   */","  verifyHMAC: function verifyHMAC(parsedSignature, secret) {","    assert.object(parsedSignature, 'parsedHMAC');","    assert.string(secret, 'secret');","","    var alg = validateAlgorithm(parsedSignature.algorithm);","    if (alg[0] !== 'hmac')","      return (false);","","    var hashAlg = alg[1].toUpperCase();","","    var hmac = crypto.createHmac(hashAlg, secret);","    hmac.update(parsedSignature.signingString);","","    /*","     * Now double-hash to avoid leaking timing information - there's","     * no easy constant-time compare in JS, so we use this approach","     * instead. See for more info:","     * https://www.isecpartners.com/blog/2011/february/double-hmac-","     * verification.aspx","     */","    var h1 = crypto.createHmac(hashAlg, secret);","    h1.update(hmac.digest());","    h1 = h1.digest();","    var h2 = crypto.createHmac(hashAlg, secret);","    h2.update(new Buffer(parsedSignature.params.signature, 'base64'));","    h2 = h2.digest();","","    /* Node 0.8 returns strings from .digest(). */","    if (typeof (h1) === 'string')","      return (h1 === h2);","    /* And node 0.10 lacks the .equals() method on Buffers. */","    if (Buffer.isBuffer(h1) && !h1.equals)","      return (h1.toString('binary') === h2.toString('binary'));","","    return (h1.equals(h2));","  }","};",""],"l":{"3":1,"4":1,"5":1,"6":1,"8":1,"9":1,"10":1,"11":1,"12":1,"16":1,"28":0,"29":0,"30":0,"31":0,"33":0,"34":0,"35":0,"37":0,"38":0,"39":0,"53":0,"54":0,"56":0,"57":0,"58":0,"60":0,"62":0,"63":0,"72":0,"73":0,"74":0,"75":0,"76":0,"77":0,"80":0,"81":0,"83":0,"84":0,"86":0}}}